INFO: [VRFC 10-2263] Analyzing Verilog file "D:/Materiale_pentru_facultate/Anul_4/Semestrul_1/P3/Block_Design/Block_Design.sim/sim_1/impl/func/xsim/Block_Design_TB_func_impl.v" into library xil_defaultlib
INFO: [VRFC 10-311] analyzing module Block_Design
INFO: [VRFC 10-311] analyzing module Block_Design_FPU_IP_Slave_0_0
INFO: [VRFC 10-311] analyzing module Block_Design_FPU_IP_Slave_0_0_Add_Div_Normaliser
INFO: [VRFC 10-311] analyzing module Block_Design_FPU_IP_Slave_0_0_Add_Div_Normaliser_0
INFO: [VRFC 10-311] analyzing module Block_Design_FPU_IP_Slave_0_0_Adder
INFO: [VRFC 10-311] analyzing module Block_Design_FPU_IP_Slave_0_0_Divider
INFO: [VRFC 10-311] analyzing module Block_Design_FPU_IP_Slave_0_0_FPU
INFO: [VRFC 10-311] analyzing module Block_Design_FPU_IP_Slave_0_0_FPU_IP_Slave_v1_0
INFO: [VRFC 10-311] analyzing module Block_Design_FPU_IP_Slave_0_0_FPU_IP_Slave_v1_0_S00_AXI
INFO: [VRFC 10-311] analyzing module Block_Design_FPU_IP_Slave_0_0_Mul_Normaliser
INFO: [VRFC 10-311] analyzing module Block_Design_FPU_IP_Slave_0_0_Multiplier
INFO: [VRFC 10-311] analyzing module Block_Design_axi_uartlite_0_0
INFO: [VRFC 10-311] analyzing module Block_Design_axi_uartlite_0_0_address_decoder
INFO: [VRFC 10-311] analyzing module Block_Design_axi_uartlite_0_0_axi_lite_ipif
INFO: [VRFC 10-311] analyzing module Block_Design_axi_uartlite_0_0_axi_uartlite
INFO: [VRFC 10-311] analyzing module Block_Design_axi_uartlite_0_0_baudrate
INFO: [VRFC 10-311] analyzing module Block_Design_axi_uartlite_0_0_cdc_sync
INFO: [VRFC 10-311] analyzing module Block_Design_axi_uartlite_0_0_cntr_incr_decr_addn_f
INFO: [VRFC 10-311] analyzing module Block_Design_axi_uartlite_0_0_cntr_incr_decr_addn_f_2
INFO: [VRFC 10-311] analyzing module Block_Design_axi_uartlite_0_0_dynshreg_f
INFO: [VRFC 10-311] analyzing module Block_Design_axi_uartlite_0_0_dynshreg_f_3
INFO: [VRFC 10-311] analyzing module Block_Design_axi_uartlite_0_0_pselect_f
INFO: [VRFC 10-311] analyzing module Block_Design_axi_uartlite_0_0_pselect_f__parameterized1
INFO: [VRFC 10-311] analyzing module Block_Design_axi_uartlite_0_0_slave_attachment
INFO: [VRFC 10-311] analyzing module Block_Design_axi_uartlite_0_0_srl_fifo_f
INFO: [VRFC 10-311] analyzing module Block_Design_axi_uartlite_0_0_srl_fifo_f_0
INFO: [VRFC 10-311] analyzing module Block_Design_axi_uartlite_0_0_srl_fifo_rbu_f
INFO: [VRFC 10-311] analyzing module Block_Design_axi_uartlite_0_0_srl_fifo_rbu_f_1
INFO: [VRFC 10-311] analyzing module Block_Design_axi_uartlite_0_0_uartlite_core
INFO: [VRFC 10-311] analyzing module Block_Design_axi_uartlite_0_0_uartlite_rx
INFO: [VRFC 10-311] analyzing module Block_Design_axi_uartlite_0_0_uartlite_tx
INFO: [VRFC 10-311] analyzing module Block_Design_clk_wiz_0_0
INFO: [VRFC 10-311] analyzing module Block_Design_clk_wiz_0_0_clk_wiz
INFO: [VRFC 10-311] analyzing module Block_Design_dlmb_bram_if_cntlr_0
INFO: [VRFC 10-311] analyzing module Block_Design_dlmb_bram_if_cntlr_0_lmb_bram_if_cntlr
INFO: [VRFC 10-311] analyzing module Block_Design_dlmb_v10_0
INFO: [VRFC 10-311] analyzing module Block_Design_dlmb_v10_0_lmb_v10
INFO: [VRFC 10-311] analyzing module Block_Design_ilmb_bram_if_cntlr_0
INFO: [VRFC 10-311] analyzing module Block_Design_ilmb_bram_if_cntlr_0_lmb_bram_if_cntlr
INFO: [VRFC 10-311] analyzing module Block_Design_ilmb_v10_0
INFO: [VRFC 10-311] analyzing module Block_Design_ilmb_v10_0_lmb_v10
INFO: [VRFC 10-311] analyzing module Block_Design_lmb_bram_0
INFO: [VRFC 10-311] analyzing module Block_Design_mdm_1_0
INFO: [VRFC 10-311] analyzing module Block_Design_mdm_1_0_JTAG_CONTROL
INFO: [VRFC 10-311] analyzing module Block_Design_mdm_1_0_MB_BSCANE2
INFO: [VRFC 10-311] analyzing module Block_Design_mdm_1_0_MB_BUFGCE_1
INFO: [VRFC 10-311] analyzing module Block_Design_mdm_1_0_MB_FDC_1
INFO: [VRFC 10-311] analyzing module Block_Design_mdm_1_0_MB_FDRE_1
INFO: [VRFC 10-311] analyzing module Block_Design_mdm_1_0_MB_LUT1
INFO: [VRFC 10-311] analyzing module Block_Design_mdm_1_0_MB_SRL16E
INFO: [VRFC 10-311] analyzing module Block_Design_mdm_1_0_MB_SRL16E__parameterized1
INFO: [VRFC 10-311] analyzing module Block_Design_mdm_1_0_MB_SRL16E__parameterized3
INFO: [VRFC 10-311] analyzing module Block_Design_mdm_1_0_MB_SRL16E__parameterized5
INFO: [VRFC 10-311] analyzing module Block_Design_mdm_1_0_MDM
INFO: [VRFC 10-311] analyzing module Block_Design_mdm_1_0_MDM_Core
INFO: [VRFC 10-311] analyzing module Block_Design_microblaze_0_0
INFO: [VRFC 10-311] analyzing module Block_Design_microblaze_0_axi_periph_0
INFO: [VRFC 10-311] analyzing module Block_Design_rst_clk_wiz_0_100M_0
INFO: [VRFC 10-311] analyzing module Block_Design_rst_clk_wiz_0_100M_0_cdc_sync
INFO: [VRFC 10-311] analyzing module Block_Design_rst_clk_wiz_0_100M_0_cdc_sync_0
INFO: [VRFC 10-311] analyzing module Block_Design_rst_clk_wiz_0_100M_0_lpf
INFO: [VRFC 10-311] analyzing module Block_Design_rst_clk_wiz_0_100M_0_proc_sys_reset
INFO: [VRFC 10-311] analyzing module Block_Design_rst_clk_wiz_0_100M_0_sequence_psr
INFO: [VRFC 10-311] analyzing module Block_Design_rst_clk_wiz_0_100M_0_upcnt_n
INFO: [VRFC 10-311] analyzing module Block_Design_wrapper
INFO: [VRFC 10-311] analyzing module Block_Design_xbar_0
INFO: [VRFC 10-311] analyzing module Block_Design_xbar_0_axi_crossbar_v2_1_28_addr_arbiter_sasd
INFO: [VRFC 10-311] analyzing module Block_Design_xbar_0_axi_crossbar_v2_1_28_axi_crossbar
INFO: [VRFC 10-311] analyzing module Block_Design_xbar_0_axi_crossbar_v2_1_28_crossbar_sasd
INFO: [VRFC 10-311] analyzing module Block_Design_xbar_0_axi_crossbar_v2_1_28_decerr_slave
INFO: [VRFC 10-311] analyzing module Block_Design_xbar_0_axi_crossbar_v2_1_28_splitter
INFO: [VRFC 10-311] analyzing module Block_Design_xbar_0_axi_crossbar_v2_1_28_splitter__parameterized0
INFO: [VRFC 10-311] analyzing module Block_Design_xbar_0_axi_register_slice_v2_1_27_axic_register_slice
INFO: [VRFC 10-311] analyzing module microblaze_0_local_memory_imp_1KP6291
INFO: [VRFC 10-311] analyzing module Block_Design_microblaze_0_0_ALU
INFO: [VRFC 10-311] analyzing module Block_Design_microblaze_0_0_ALU_Bit
INFO: [VRFC 10-311] analyzing module Block_Design_microblaze_0_0_ALU_Bit_487
INFO: [VRFC 10-311] analyzing module Block_Design_microblaze_0_0_ALU_Bit_488
INFO: [VRFC 10-311] analyzing module Block_Design_microblaze_0_0_ALU_Bit_489
INFO: [VRFC 10-311] analyzing module Block_Design_microblaze_0_0_ALU_Bit_490
INFO: [VRFC 10-311] analyzing module Block_Design_microblaze_0_0_ALU_Bit_491
INFO: [VRFC 10-311] analyzing module Block_Design_microblaze_0_0_ALU_Bit_492
INFO: [VRFC 10-311] analyzing module Block_Design_microblaze_0_0_ALU_Bit_493
INFO: [VRFC 10-311] analyzing module Block_Design_microblaze_0_0_ALU_Bit_494
INFO: [VRFC 10-311] analyzing module Block_Design_microblaze_0_0_ALU_Bit_495
INFO: [VRFC 10-311] analyzing module Block_Design_microblaze_0_0_ALU_Bit_496
INFO: [VRFC 10-311] analyzing module Block_Design_microblaze_0_0_ALU_Bit_497
INFO: [VRFC 10-311] analyzing module Block_Design_microblaze_0_0_ALU_Bit_498
INFO: [VRFC 10-311] analyzing module Block_Design_microblaze_0_0_ALU_Bit_499
INFO: [VRFC 10-311] analyzing module Block_Design_microblaze_0_0_ALU_Bit_500
INFO: [VRFC 10-311] analyzing module Block_Design_microblaze_0_0_ALU_Bit_501
INFO: [VRFC 10-311] analyzing module Block_Design_microblaze_0_0_ALU_Bit_502
INFO: [VRFC 10-311] analyzing module Block_Design_microblaze_0_0_ALU_Bit_503
INFO: [VRFC 10-311] analyzing module Block_Design_microblaze_0_0_ALU_Bit_504
INFO: [VRFC 10-311] analyzing module Block_Design_microblaze_0_0_ALU_Bit_505
INFO: [VRFC 10-311] analyzing module Block_Design_microblaze_0_0_ALU_Bit_506
INFO: [VRFC 10-311] analyzing module Block_Design_microblaze_0_0_ALU_Bit_507
INFO: [VRFC 10-311] analyzing module Block_Design_microblaze_0_0_ALU_Bit_508
INFO: [VRFC 10-311] analyzing module Block_Design_microblaze_0_0_ALU_Bit_509
INFO: [VRFC 10-311] analyzing module Block_Design_microblaze_0_0_ALU_Bit_510
INFO: [VRFC 10-311] analyzing module Block_Design_microblaze_0_0_ALU_Bit_511
INFO: [VRFC 10-311] analyzing module Block_Design_microblaze_0_0_ALU_Bit_512
INFO: [VRFC 10-311] analyzing module Block_Design_microblaze_0_0_ALU_Bit_513
INFO: [VRFC 10-311] analyzing module Block_Design_microblaze_0_0_ALU_Bit_514
INFO: [VRFC 10-311] analyzing module Block_Design_microblaze_0_0_ALU_Bit_515
INFO: [VRFC 10-311] analyzing module Block_Design_microblaze_0_0_ALU_Bit_516
INFO: [VRFC 10-311] analyzing module Block_Design_microblaze_0_0_ALU_Bit__parameterized2
INFO: [VRFC 10-311] analyzing module Block_Design_microblaze_0_0_Byte_Doublet_Handle_gti
INFO: [VRFC 10-311] analyzing module Block_Design_microblaze_0_0_DAXI_interface
INFO: [VRFC 10-311] analyzing module Block_Design_microblaze_0_0_Data_Flow_Logic
INFO: [VRFC 10-311] analyzing module Block_Design_microblaze_0_0_Data_Flow_gti
INFO: [VRFC 10-311] analyzing module Block_Design_microblaze_0_0_Debug
INFO: [VRFC 10-311] analyzing module Block_Design_microblaze_0_0_Decode_gti
INFO: [VRFC 10-311] analyzing module Block_Design_microblaze_0_0_MB_AND2B1L
INFO: [VRFC 10-311] analyzing module Block_Design_microblaze_0_0_MB_FDR
INFO: [VRFC 10-311] analyzing module Block_Design_microblaze_0_0_MB_FDRE
INFO: [VRFC 10-311] analyzing module Block_Design_microblaze_0_0_MB_FDRE_306
INFO: [VRFC 10-311] analyzing module Block_Design_microblaze_0_0_MB_FDRE_309
INFO: [VRFC 10-311] analyzing module Block_Design_microblaze_0_0_MB_FDRE_312
INFO: [VRFC 10-311] analyzing module Block_Design_microblaze_0_0_MB_FDRE_315
INFO: [VRFC 10-311] analyzing module Block_Design_microblaze_0_0_MB_FDRE_318
INFO: [VRFC 10-311] analyzing module Block_Design_microblaze_0_0_MB_FDRE_321
INFO: [VRFC 10-311] analyzing module Block_Design_microblaze_0_0_MB_FDRE_324
INFO: [VRFC 10-311] analyzing module Block_Design_microblaze_0_0_MB_FDRE_327
INFO: [VRFC 10-311] analyzing module Block_Design_microblaze_0_0_MB_FDRE_330
INFO: [VRFC 10-311] analyzing module Block_Design_microblaze_0_0_MB_FDRE_333
INFO: [VRFC 10-311] analyzing module Block_Design_microblaze_0_0_MB_FDRE_336
INFO: [VRFC 10-311] analyzing module Block_Design_microblaze_0_0_MB_FDRE_339
INFO: [VRFC 10-311] analyzing module Block_Design_microblaze_0_0_MB_FDRE_342
INFO: [VRFC 10-311] analyzing module Block_Design_microblaze_0_0_MB_FDRE_345
INFO: [VRFC 10-311] analyzing module Block_Design_microblaze_0_0_MB_FDRE_348
INFO: [VRFC 10-311] analyzing module Block_Design_microblaze_0_0_MB_FDRE_351
INFO: [VRFC 10-311] analyzing module Block_Design_microblaze_0_0_MB_FDRE_354
INFO: [VRFC 10-311] analyzing module Block_Design_microblaze_0_0_MB_FDRE_357
INFO: [VRFC 10-311] analyzing module Block_Design_microblaze_0_0_MB_FDRE_360
INFO: [VRFC 10-311] analyzing module Block_Design_microblaze_0_0_MB_FDRE_363
INFO: [VRFC 10-311] analyzing module Block_Design_microblaze_0_0_MB_FDRE_366
INFO: [VRFC 10-311] analyzing module Block_Design_microblaze_0_0_MB_FDRE_369
INFO: [VRFC 10-311] analyzing module Block_Design_microblaze_0_0_MB_FDRE_372
INFO: [VRFC 10-311] analyzing module Block_Design_microblaze_0_0_MB_FDRE_375
INFO: [VRFC 10-311] analyzing module Block_Design_microblaze_0_0_MB_FDRE_378
INFO: [VRFC 10-311] analyzing module Block_Design_microblaze_0_0_MB_FDRE_381
INFO: [VRFC 10-311] analyzing module Block_Design_microblaze_0_0_MB_FDRE_384
INFO: [VRFC 10-311] analyzing module Block_Design_microblaze_0_0_MB_FDRE_387
INFO: [VRFC 10-311] analyzing module Block_Design_microblaze_0_0_MB_FDRE_390
INFO: [VRFC 10-311] analyzing module Block_Design_microblaze_0_0_MB_FDRE_393
INFO: [VRFC 10-311] analyzing module Block_Design_microblaze_0_0_MB_FDRE_396
INFO: [VRFC 10-311] analyzing module Block_Design_microblaze_0_0_MB_FDRE_399
INFO: [VRFC 10-311] analyzing module Block_Design_microblaze_0_0_MB_FDRE_454
INFO: [VRFC 10-311] analyzing module Block_Design_microblaze_0_0_MB_FDRE_455
INFO: [VRFC 10-311] analyzing module Block_Design_microblaze_0_0_MB_FDRE_456
INFO: [VRFC 10-311] analyzing module Block_Design_microblaze_0_0_MB_FDRE_457
INFO: [VRFC 10-311] analyzing module Block_Design_microblaze_0_0_MB_FDRE_458
INFO: [VRFC 10-311] analyzing module Block_Design_microblaze_0_0_MB_FDRE_459
INFO: [VRFC 10-311] analyzing module Block_Design_microblaze_0_0_MB_FDRE_460
INFO: [VRFC 10-311] analyzing module Block_Design_microblaze_0_0_MB_FDRE_461
INFO: [VRFC 10-311] analyzing module Block_Design_microblaze_0_0_MB_FDRE_462
INFO: [VRFC 10-311] analyzing module Block_Design_microblaze_0_0_MB_FDRE_463
INFO: [VRFC 10-311] analyzing module Block_Design_microblaze_0_0_MB_FDRE_464
INFO: [VRFC 10-311] analyzing module Block_Design_microblaze_0_0_MB_FDRE_465
INFO: [VRFC 10-311] analyzing module Block_Design_microblaze_0_0_MB_FDRE_466
INFO: [VRFC 10-311] analyzing module Block_Design_microblaze_0_0_MB_FDRE_467
INFO: [VRFC 10-311] analyzing module Block_Design_microblaze_0_0_MB_FDRE_468
INFO: [VRFC 10-311] analyzing module Block_Design_microblaze_0_0_MB_FDRE_469
INFO: [VRFC 10-311] analyzing module Block_Design_microblaze_0_0_MB_FDRE_470
INFO: [VRFC 10-311] analyzing module Block_Design_microblaze_0_0_MB_FDRE_471
INFO: [VRFC 10-311] analyzing module Block_Design_microblaze_0_0_MB_FDRE_472
INFO: [VRFC 10-311] analyzing module Block_Design_microblaze_0_0_MB_FDRE_473
INFO: [VRFC 10-311] analyzing module Block_Design_microblaze_0_0_MB_FDRE_474
INFO: [VRFC 10-311] analyzing module Block_Design_microblaze_0_0_MB_FDRE_475
INFO: [VRFC 10-311] analyzing module Block_Design_microblaze_0_0_MB_FDRE_476
INFO: [VRFC 10-311] analyzing module Block_Design_microblaze_0_0_MB_FDRE_477
INFO: [VRFC 10-311] analyzing module Block_Design_microblaze_0_0_MB_FDRE_478
INFO: [VRFC 10-311] analyzing module Block_Design_microblaze_0_0_MB_FDRE_479
INFO: [VRFC 10-311] analyzing module Block_Design_microblaze_0_0_MB_FDRE_480
INFO: [VRFC 10-311] analyzing module Block_Design_microblaze_0_0_MB_FDRE_481
INFO: [VRFC 10-311] analyzing module Block_Design_microblaze_0_0_MB_FDRE_482
INFO: [VRFC 10-311] analyzing module Block_Design_microblaze_0_0_MB_FDRE_483
INFO: [VRFC 10-311] analyzing module Block_Design_microblaze_0_0_MB_FDRE_484
INFO: [VRFC 10-311] analyzing module Block_Design_microblaze_0_0_MB_FDRE_485
INFO: [VRFC 10-311] analyzing module Block_Design_microblaze_0_0_MB_FDRE_64
INFO: [VRFC 10-311] analyzing module Block_Design_microblaze_0_0_MB_FDRE_65
INFO: [VRFC 10-311] analyzing module Block_Design_microblaze_0_0_MB_FDRE_66
INFO: [VRFC 10-311] analyzing module Block_Design_microblaze_0_0_MB_FDRE_67
INFO: [VRFC 10-311] analyzing module Block_Design_microblaze_0_0_MB_FDRE_68
INFO: [VRFC 10-311] analyzing module Block_Design_microblaze_0_0_MB_FDRE_69
INFO: [VRFC 10-311] analyzing module Block_Design_microblaze_0_0_MB_FDRE_70
INFO: [VRFC 10-311] analyzing module Block_Design_microblaze_0_0_MB_FDRE_71
INFO: [VRFC 10-311] analyzing module Block_Design_microblaze_0_0_MB_FDRE_72
INFO: [VRFC 10-311] analyzing module Block_Design_microblaze_0_0_MB_FDR_109
INFO: [VRFC 10-311] analyzing module Block_Design_microblaze_0_0_MB_FDR_110
INFO: [VRFC 10-311] analyzing module Block_Design_microblaze_0_0_MB_FDR_112
INFO: [VRFC 10-311] analyzing module Block_Design_microblaze_0_0_MB_FDR_114
INFO: [VRFC 10-311] analyzing module Block_Design_microblaze_0_0_MB_FDR_116
INFO: [VRFC 10-311] analyzing module Block_Design_microblaze_0_0_MB_FDR_118
INFO: [VRFC 10-311] analyzing module Block_Design_microblaze_0_0_MB_FDR_120
INFO: [VRFC 10-311] analyzing module Block_Design_microblaze_0_0_MB_FDR_122
INFO: [VRFC 10-311] analyzing module Block_Design_microblaze_0_0_MB_FDR_124
INFO: [VRFC 10-311] analyzing module Block_Design_microblaze_0_0_MB_FDR_126
INFO: [VRFC 10-311] analyzing module Block_Design_microblaze_0_0_MB_FDR_128
INFO: [VRFC 10-311] analyzing module Block_Design_microblaze_0_0_MB_FDR_130
INFO: [VRFC 10-311] analyzing module Block_Design_microblaze_0_0_MB_FDR_132
INFO: [VRFC 10-311] analyzing module Block_Design_microblaze_0_0_MB_FDR_134
INFO: [VRFC 10-311] analyzing module Block_Design_microblaze_0_0_MB_FDR_136
INFO: [VRFC 10-311] analyzing module Block_Design_microblaze_0_0_MB_FDR_138
INFO: [VRFC 10-311] analyzing module Block_Design_microblaze_0_0_MB_FDR_140
INFO: [VRFC 10-311] analyzing module Block_Design_microblaze_0_0_MB_FDR_142
INFO: [VRFC 10-311] analyzing module Block_Design_microblaze_0_0_MB_FDR_144
INFO: [VRFC 10-311] analyzing module Block_Design_microblaze_0_0_MB_FDR_146
INFO: [VRFC 10-311] analyzing module Block_Design_microblaze_0_0_MB_FDR_148
INFO: [VRFC 10-311] analyzing module Block_Design_microblaze_0_0_MB_FDR_150
INFO: [VRFC 10-311] analyzing module Block_Design_microblaze_0_0_MB_FDR_152
INFO: [VRFC 10-311] analyzing module Block_Design_microblaze_0_0_MB_FDR_154
INFO: [VRFC 10-311] analyzing module Block_Design_microblaze_0_0_MB_FDR_156
INFO: [VRFC 10-311] analyzing module Block_Design_microblaze_0_0_MB_FDR_158
INFO: [VRFC 10-311] analyzing module Block_Design_microblaze_0_0_MB_FDR_160
INFO: [VRFC 10-311] analyzing module Block_Design_microblaze_0_0_MB_FDR_162
INFO: [VRFC 10-311] analyzing module Block_Design_microblaze_0_0_MB_FDR_164
INFO: [VRFC 10-311] analyzing module Block_Design_microblaze_0_0_MB_FDR_166
INFO: [VRFC 10-311] analyzing module Block_Design_microblaze_0_0_MB_FDR_168
INFO: [VRFC 10-311] analyzing module Block_Design_microblaze_0_0_MB_FDR_170
INFO: [VRFC 10-311] analyzing module Block_Design_microblaze_0_0_MB_FDR_172
INFO: [VRFC 10-311] analyzing module Block_Design_microblaze_0_0_MB_FDR_174
INFO: [VRFC 10-311] analyzing module Block_Design_microblaze_0_0_MB_FDR_176
INFO: [VRFC 10-311] analyzing module Block_Design_microblaze_0_0_MB_FDR_178
INFO: [VRFC 10-311] analyzing module Block_Design_microblaze_0_0_MB_FDR_180
INFO: [VRFC 10-311] analyzing module Block_Design_microblaze_0_0_MB_FDR_182
INFO: [VRFC 10-311] analyzing module Block_Design_microblaze_0_0_MB_FDR_184
INFO: [VRFC 10-311] analyzing module Block_Design_microblaze_0_0_MB_FDR_186
INFO: [VRFC 10-311] analyzing module Block_Design_microblaze_0_0_MB_FDR_188
INFO: [VRFC 10-311] analyzing module Block_Design_microblaze_0_0_MB_FDR_190
INFO: [VRFC 10-311] analyzing module Block_Design_microblaze_0_0_MB_FDR_192
INFO: [VRFC 10-311] analyzing module Block_Design_microblaze_0_0_MB_FDR_194
INFO: [VRFC 10-311] analyzing module Block_Design_microblaze_0_0_MB_FDR_196
INFO: [VRFC 10-311] analyzing module Block_Design_microblaze_0_0_MB_FDR_198
INFO: [VRFC 10-311] analyzing module Block_Design_microblaze_0_0_MB_FDR_200
INFO: [VRFC 10-311] analyzing module Block_Design_microblaze_0_0_MB_FDR_202
INFO: [VRFC 10-311] analyzing module Block_Design_microblaze_0_0_MB_FDR_203
INFO: [VRFC 10-311] analyzing module Block_Design_microblaze_0_0_MB_FDR_205
INFO: [VRFC 10-311] analyzing module Block_Design_microblaze_0_0_MB_FDR_207
INFO: [VRFC 10-311] analyzing module Block_Design_microblaze_0_0_MB_FDR_209
INFO: [VRFC 10-311] analyzing module Block_Design_microblaze_0_0_MB_FDR_211
INFO: [VRFC 10-311] analyzing module Block_Design_microblaze_0_0_MB_FDR_213
INFO: [VRFC 10-311] analyzing module Block_Design_microblaze_0_0_MB_FDR_215
INFO: [VRFC 10-311] analyzing module Block_Design_microblaze_0_0_MB_FDR_217
INFO: [VRFC 10-311] analyzing module Block_Design_microblaze_0_0_MB_FDR_219
INFO: [VRFC 10-311] analyzing module Block_Design_microblaze_0_0_MB_FDR_221
INFO: [VRFC 10-311] analyzing module Block_Design_microblaze_0_0_MB_FDR_223
INFO: [VRFC 10-311] analyzing module Block_Design_microblaze_0_0_MB_FDR_225
INFO: [VRFC 10-311] analyzing module Block_Design_microblaze_0_0_MB_FDR_227
INFO: [VRFC 10-311] analyzing module Block_Design_microblaze_0_0_MB_FDR_229
INFO: [VRFC 10-311] analyzing module Block_Design_microblaze_0_0_MB_FDR_231
INFO: [VRFC 10-311] analyzing module Block_Design_microblaze_0_0_MB_FDR_233
INFO: [VRFC 10-311] analyzing module Block_Design_microblaze_0_0_MB_FDR_235
INFO: [VRFC 10-311] analyzing module Block_Design_microblaze_0_0_MB_FDR_237
INFO: [VRFC 10-311] analyzing module Block_Design_microblaze_0_0_MB_FDR_239
INFO: [VRFC 10-311] analyzing module Block_Design_microblaze_0_0_MB_FDR_241
INFO: [VRFC 10-311] analyzing module Block_Design_microblaze_0_0_MB_FDR_243
INFO: [VRFC 10-311] analyzing module Block_Design_microblaze_0_0_MB_FDR_245
INFO: [VRFC 10-311] analyzing module Block_Design_microblaze_0_0_MB_FDR_247
INFO: [VRFC 10-311] analyzing module Block_Design_microblaze_0_0_MB_FDR_249
INFO: [VRFC 10-311] analyzing module Block_Design_microblaze_0_0_MB_FDR_251
INFO: [VRFC 10-311] analyzing module Block_Design_microblaze_0_0_MB_FDR_253
INFO: [VRFC 10-311] analyzing module Block_Design_microblaze_0_0_MB_FDR_255
INFO: [VRFC 10-311] analyzing module Block_Design_microblaze_0_0_MB_FDR_257
INFO: [VRFC 10-311] analyzing module Block_Design_microblaze_0_0_MB_FDR_259
INFO: [VRFC 10-311] analyzing module Block_Design_microblaze_0_0_MB_FDR_261
INFO: [VRFC 10-311] analyzing module Block_Design_microblaze_0_0_MB_FDR_263
INFO: [VRFC 10-311] analyzing module Block_Design_microblaze_0_0_MB_FDR_265
INFO: [VRFC 10-311] analyzing module Block_Design_microblaze_0_0_MB_FDR_298
INFO: [VRFC 10-311] analyzing module Block_Design_microblaze_0_0_MB_FDR_299
INFO: [VRFC 10-311] analyzing module Block_Design_microblaze_0_0_MB_FDR_300
INFO: [VRFC 10-311] analyzing module Block_Design_microblaze_0_0_MB_FDR_301
INFO: [VRFC 10-311] analyzing module Block_Design_microblaze_0_0_MB_FDR_302
INFO: [VRFC 10-311] analyzing module Block_Design_microblaze_0_0_MB_FDR_303
INFO: [VRFC 10-311] analyzing module Block_Design_microblaze_0_0_MB_FDS
INFO: [VRFC 10-311] analyzing module Block_Design_microblaze_0_0_MB_LUT4
INFO: [VRFC 10-311] analyzing module Block_Design_microblaze_0_0_MB_LUT6
INFO: [VRFC 10-311] analyzing module Block_Design_microblaze_0_0_MB_LUT6_111
INFO: [VRFC 10-311] analyzing module Block_Design_microblaze_0_0_MB_LUT6_113
INFO: [VRFC 10-311] analyzing module Block_Design_microblaze_0_0_MB_LUT6_115
INFO: [VRFC 10-311] analyzing module Block_Design_microblaze_0_0_MB_LUT6_2
INFO: [VRFC 10-311] analyzing module Block_Design_microblaze_0_0_MB_LUT6_2_518
INFO: [VRFC 10-311] analyzing module Block_Design_microblaze_0_0_MB_LUT6_2_520
INFO: [VRFC 10-311] analyzing module Block_Design_microblaze_0_0_MB_LUT6_2_522
INFO: [VRFC 10-311] analyzing module Block_Design_microblaze_0_0_MB_LUT6_2_524
INFO: [VRFC 10-311] analyzing module Block_Design_microblaze_0_0_MB_LUT6_2_526
INFO: [VRFC 10-311] analyzing module Block_Design_microblaze_0_0_MB_LUT6_2_528
INFO: [VRFC 10-311] analyzing module Block_Design_microblaze_0_0_MB_LUT6_2_530
INFO: [VRFC 10-311] analyzing module Block_Design_microblaze_0_0_MB_LUT6_2_532
INFO: [VRFC 10-311] analyzing module Block_Design_microblaze_0_0_MB_LUT6_2_534
INFO: [VRFC 10-311] analyzing module Block_Design_microblaze_0_0_MB_LUT6_2_536
INFO: [VRFC 10-311] analyzing module Block_Design_microblaze_0_0_MB_LUT6_2_538
INFO: [VRFC 10-311] analyzing module Block_Design_microblaze_0_0_MB_LUT6_2_540
INFO: [VRFC 10-311] analyzing module Block_Design_microblaze_0_0_MB_LUT6_2_542
INFO: [VRFC 10-311] analyzing module Block_Design_microblaze_0_0_MB_LUT6_2_544
INFO: [VRFC 10-311] analyzing module Block_Design_microblaze_0_0_MB_LUT6_2_546
INFO: [VRFC 10-311] analyzing module Block_Design_microblaze_0_0_MB_LUT6_2_548
INFO: [VRFC 10-311] analyzing module Block_Design_microblaze_0_0_MB_LUT6_2_550
INFO: [VRFC 10-311] analyzing module Block_Design_microblaze_0_0_MB_LUT6_2_552
INFO: [VRFC 10-311] analyzing module Block_Design_microblaze_0_0_MB_LUT6_2_554
INFO: [VRFC 10-311] analyzing module Block_Design_microblaze_0_0_MB_LUT6_2_556
INFO: [VRFC 10-311] analyzing module Block_Design_microblaze_0_0_MB_LUT6_2_558
INFO: [VRFC 10-311] analyzing module Block_Design_microblaze_0_0_MB_LUT6_2_560
INFO: [VRFC 10-311] analyzing module Block_Design_microblaze_0_0_MB_LUT6_2_562
INFO: [VRFC 10-311] analyzing module Block_Design_microblaze_0_0_MB_LUT6_2_564
INFO: [VRFC 10-311] analyzing module Block_Design_microblaze_0_0_MB_LUT6_2_566
INFO: [VRFC 10-311] analyzing module Block_Design_microblaze_0_0_MB_LUT6_2_568
INFO: [VRFC 10-311] analyzing module Block_Design_microblaze_0_0_MB_LUT6_2_570
INFO: [VRFC 10-311] analyzing module Block_Design_microblaze_0_0_MB_LUT6_2_572
INFO: [VRFC 10-311] analyzing module Block_Design_microblaze_0_0_MB_LUT6_2_574
INFO: [VRFC 10-311] analyzing module Block_Design_microblaze_0_0_MB_LUT6_2_576
INFO: [VRFC 10-311] analyzing module Block_Design_microblaze_0_0_MB_LUT6_2__parameterized1
INFO: [VRFC 10-311] analyzing module Block_Design_microblaze_0_0_MB_LUT6_2__parameterized3
INFO: [VRFC 10-311] analyzing module Block_Design_microblaze_0_0_MB_LUT6_2__parameterized3_10
INFO: [VRFC 10-311] analyzing module Block_Design_microblaze_0_0_MB_LUT6_2__parameterized3_11
INFO: [VRFC 10-311] analyzing module Block_Design_microblaze_0_0_MB_LUT6_2__parameterized3_12
INFO: [VRFC 10-311] analyzing module Block_Design_microblaze_0_0_MB_LUT6_2__parameterized3_13
INFO: [VRFC 10-311] analyzing module Block_Design_microblaze_0_0_MB_LUT6_2__parameterized3_14
INFO: [VRFC 10-311] analyzing module Block_Design_microblaze_0_0_MB_LUT6_2__parameterized3_15
INFO: [VRFC 10-311] analyzing module Block_Design_microblaze_0_0_MB_LUT6_2__parameterized3_16
INFO: [VRFC 10-311] analyzing module Block_Design_microblaze_0_0_MB_LUT6_2__parameterized3_2
INFO: [VRFC 10-311] analyzing module Block_Design_microblaze_0_0_MB_LUT6_2__parameterized3_3
INFO: [VRFC 10-311] analyzing module Block_Design_microblaze_0_0_MB_LUT6_2__parameterized3_4
INFO: [VRFC 10-311] analyzing module Block_Design_microblaze_0_0_MB_LUT6_2__parameterized3_5
INFO: [VRFC 10-311] analyzing module Block_Design_microblaze_0_0_MB_LUT6_2__parameterized3_6
INFO: [VRFC 10-311] analyzing module Block_Design_microblaze_0_0_MB_LUT6_2__parameterized3_7
INFO: [VRFC 10-311] analyzing module Block_Design_microblaze_0_0_MB_LUT6_2__parameterized3_8
INFO: [VRFC 10-311] analyzing module Block_Design_microblaze_0_0_MB_LUT6_2__parameterized3_9
INFO: [VRFC 10-311] analyzing module Block_Design_microblaze_0_0_MB_LUT6_2__parameterized5
INFO: [VRFC 10-311] analyzing module Block_Design_microblaze_0_0_MB_LUT6_2__parameterized5_307
INFO: [VRFC 10-311] analyzing module Block_Design_microblaze_0_0_MB_LUT6_2__parameterized5_310
INFO: [VRFC 10-311] analyzing module Block_Design_microblaze_0_0_MB_LUT6_2__parameterized5_313
INFO: [VRFC 10-311] analyzing module Block_Design_microblaze_0_0_MB_LUT6_2__parameterized5_316
INFO: [VRFC 10-311] analyzing module Block_Design_microblaze_0_0_MB_LUT6_2__parameterized5_319
INFO: [VRFC 10-311] analyzing module Block_Design_microblaze_0_0_MB_LUT6_2__parameterized5_322
INFO: [VRFC 10-311] analyzing module Block_Design_microblaze_0_0_MB_LUT6_2__parameterized5_325
INFO: [VRFC 10-311] analyzing module Block_Design_microblaze_0_0_MB_LUT6_2__parameterized5_328
INFO: [VRFC 10-311] analyzing module Block_Design_microblaze_0_0_MB_LUT6_2__parameterized5_331
INFO: [VRFC 10-311] analyzing module Block_Design_microblaze_0_0_MB_LUT6_2__parameterized5_334
INFO: [VRFC 10-311] analyzing module Block_Design_microblaze_0_0_MB_LUT6_2__parameterized5_337
INFO: [VRFC 10-311] analyzing module Block_Design_microblaze_0_0_MB_LUT6_2__parameterized5_340
INFO: [VRFC 10-311] analyzing module Block_Design_microblaze_0_0_MB_LUT6_2__parameterized5_343
INFO: [VRFC 10-311] analyzing module Block_Design_microblaze_0_0_MB_LUT6_2__parameterized5_346
INFO: [VRFC 10-311] analyzing module Block_Design_microblaze_0_0_MB_LUT6_2__parameterized5_349
INFO: [VRFC 10-311] analyzing module Block_Design_microblaze_0_0_MB_LUT6_2__parameterized5_352
INFO: [VRFC 10-311] analyzing module Block_Design_microblaze_0_0_MB_LUT6_2__parameterized5_355
INFO: [VRFC 10-311] analyzing module Block_Design_microblaze_0_0_MB_LUT6_2__parameterized5_358
INFO: [VRFC 10-311] analyzing module Block_Design_microblaze_0_0_MB_LUT6_2__parameterized5_361
INFO: [VRFC 10-311] analyzing module Block_Design_microblaze_0_0_MB_LUT6_2__parameterized5_364
INFO: [VRFC 10-311] analyzing module Block_Design_microblaze_0_0_MB_LUT6_2__parameterized5_367
INFO: [VRFC 10-311] analyzing module Block_Design_microblaze_0_0_MB_LUT6_2__parameterized5_370
INFO: [VRFC 10-311] analyzing module Block_Design_microblaze_0_0_MB_LUT6_2__parameterized5_373
INFO: [VRFC 10-311] analyzing module Block_Design_microblaze_0_0_MB_LUT6_2__parameterized5_376
INFO: [VRFC 10-311] analyzing module Block_Design_microblaze_0_0_MB_LUT6_2__parameterized5_379
INFO: [VRFC 10-311] analyzing module Block_Design_microblaze_0_0_MB_LUT6_2__parameterized5_382
INFO: [VRFC 10-311] analyzing module Block_Design_microblaze_0_0_MB_LUT6_2__parameterized5_385
INFO: [VRFC 10-311] analyzing module Block_Design_microblaze_0_0_MB_LUT6_2__parameterized5_388
INFO: [VRFC 10-311] analyzing module Block_Design_microblaze_0_0_MB_LUT6_2__parameterized5_391
INFO: [VRFC 10-311] analyzing module Block_Design_microblaze_0_0_MB_LUT6_2__parameterized5_394
INFO: [VRFC 10-311] analyzing module Block_Design_microblaze_0_0_MB_LUT6_2__parameterized5_397
INFO: [VRFC 10-311] analyzing module Block_Design_microblaze_0_0_MB_LUT6__parameterized10
INFO: [VRFC 10-311] analyzing module Block_Design_microblaze_0_0_MB_LUT6__parameterized10_74
INFO: [VRFC 10-311] analyzing module Block_Design_microblaze_0_0_MB_LUT6__parameterized10_76
INFO: [VRFC 10-311] analyzing module Block_Design_microblaze_0_0_MB_LUT6__parameterized10_78
INFO: [VRFC 10-311] analyzing module Block_Design_microblaze_0_0_MB_LUT6__parameterized10_80
INFO: [VRFC 10-311] analyzing module Block_Design_microblaze_0_0_MB_LUT6__parameterized10_82
INFO: [VRFC 10-311] analyzing module Block_Design_microblaze_0_0_MB_LUT6__parameterized12
INFO: [VRFC 10-311] analyzing module Block_Design_microblaze_0_0_MB_LUT6__parameterized2
INFO: [VRFC 10-311] analyzing module Block_Design_microblaze_0_0_MB_LUT6__parameterized4
INFO: [VRFC 10-311] analyzing module Block_Design_microblaze_0_0_MB_LUT6__parameterized6
INFO: [VRFC 10-311] analyzing module Block_Design_microblaze_0_0_MB_LUT6__parameterized8
INFO: [VRFC 10-311] analyzing module Block_Design_microblaze_0_0_MB_LUT6__parameterized8_73
INFO: [VRFC 10-311] analyzing module Block_Design_microblaze_0_0_MB_LUT6__parameterized8_75
INFO: [VRFC 10-311] analyzing module Block_Design_microblaze_0_0_MB_LUT6__parameterized8_77
INFO: [VRFC 10-311] analyzing module Block_Design_microblaze_0_0_MB_LUT6__parameterized8_79
INFO: [VRFC 10-311] analyzing module Block_Design_microblaze_0_0_MB_LUT6__parameterized8_81
INFO: [VRFC 10-311] analyzing module Block_Design_microblaze_0_0_MB_MULT_AND
INFO: [VRFC 10-311] analyzing module Block_Design_microblaze_0_0_MB_MUXCY
INFO: [VRFC 10-311] analyzing module Block_Design_microblaze_0_0_MB_MUXCY_100
INFO: [VRFC 10-311] analyzing module Block_Design_microblaze_0_0_MB_MUXCY_101
INFO: [VRFC 10-311] analyzing module Block_Design_microblaze_0_0_MB_MUXCY_102
INFO: [VRFC 10-311] analyzing module Block_Design_microblaze_0_0_MB_MUXCY_103
INFO: [VRFC 10-311] analyzing module Block_Design_microblaze_0_0_MB_MUXCY_104
INFO: [VRFC 10-311] analyzing module Block_Design_microblaze_0_0_MB_MUXCY_105
INFO: [VRFC 10-311] analyzing module Block_Design_microblaze_0_0_MB_MUXCY_106
INFO: [VRFC 10-311] analyzing module Block_Design_microblaze_0_0_MB_MUXCY_107
INFO: [VRFC 10-311] analyzing module Block_Design_microblaze_0_0_MB_MUXCY_108
INFO: [VRFC 10-311] analyzing module Block_Design_microblaze_0_0_MB_MUXCY_28
INFO: [VRFC 10-311] analyzing module Block_Design_microblaze_0_0_MB_MUXCY_296
INFO: [VRFC 10-311] analyzing module Block_Design_microblaze_0_0_MB_MUXCY_297
INFO: [VRFC 10-311] analyzing module Block_Design_microblaze_0_0_MB_MUXCY_30
INFO: [VRFC 10-311] analyzing module Block_Design_microblaze_0_0_MB_MUXCY_304
INFO: [VRFC 10-311] analyzing module Block_Design_microblaze_0_0_MB_MUXCY_32
INFO: [VRFC 10-311] analyzing module Block_Design_microblaze_0_0_MB_MUXCY_34
INFO: [VRFC 10-311] analyzing module Block_Design_microblaze_0_0_MB_MUXCY_36
INFO: [VRFC 10-311] analyzing module Block_Design_microblaze_0_0_MB_MUXCY_38
INFO: [VRFC 10-311] analyzing module Block_Design_microblaze_0_0_MB_MUXCY_40
INFO: [VRFC 10-311] analyzing module Block_Design_microblaze_0_0_MB_MUXCY_400
INFO: [VRFC 10-311] analyzing module Block_Design_microblaze_0_0_MB_MUXCY_403
INFO: [VRFC 10-311] analyzing module Block_Design_microblaze_0_0_MB_MUXCY_404
INFO: [VRFC 10-311] analyzing module Block_Design_microblaze_0_0_MB_MUXCY_42
INFO: [VRFC 10-311] analyzing module Block_Design_microblaze_0_0_MB_MUXCY_87
INFO: [VRFC 10-311] analyzing module Block_Design_microblaze_0_0_MB_MUXCY_88
INFO: [VRFC 10-311] analyzing module Block_Design_microblaze_0_0_MB_MUXCY_89
INFO: [VRFC 10-311] analyzing module Block_Design_microblaze_0_0_MB_MUXCY_90
INFO: [VRFC 10-311] analyzing module Block_Design_microblaze_0_0_MB_MUXCY_91
INFO: [VRFC 10-311] analyzing module Block_Design_microblaze_0_0_MB_MUXCY_92
INFO: [VRFC 10-311] analyzing module Block_Design_microblaze_0_0_MB_MUXCY_93
INFO: [VRFC 10-311] analyzing module Block_Design_microblaze_0_0_MB_MUXCY_94
INFO: [VRFC 10-311] analyzing module Block_Design_microblaze_0_0_MB_MUXCY_95
INFO: [VRFC 10-311] analyzing module Block_Design_microblaze_0_0_MB_MUXCY_96
INFO: [VRFC 10-311] analyzing module Block_Design_microblaze_0_0_MB_MUXCY_97
INFO: [VRFC 10-311] analyzing module Block_Design_microblaze_0_0_MB_MUXCY_98
INFO: [VRFC 10-311] analyzing module Block_Design_microblaze_0_0_MB_MUXCY_99
INFO: [VRFC 10-311] analyzing module Block_Design_microblaze_0_0_MB_MUXCY_XORCY
INFO: [VRFC 10-311] analyzing module Block_Design_microblaze_0_0_MB_MUXCY_XORCY_267
INFO: [VRFC 10-311] analyzing module Block_Design_microblaze_0_0_MB_MUXCY_XORCY_268
INFO: [VRFC 10-311] analyzing module Block_Design_microblaze_0_0_MB_MUXCY_XORCY_269
INFO: [VRFC 10-311] analyzing module Block_Design_microblaze_0_0_MB_MUXCY_XORCY_270
INFO: [VRFC 10-311] analyzing module Block_Design_microblaze_0_0_MB_MUXCY_XORCY_271
INFO: [VRFC 10-311] analyzing module Block_Design_microblaze_0_0_MB_MUXCY_XORCY_272
INFO: [VRFC 10-311] analyzing module Block_Design_microblaze_0_0_MB_MUXCY_XORCY_273
INFO: [VRFC 10-311] analyzing module Block_Design_microblaze_0_0_MB_MUXCY_XORCY_274
INFO: [VRFC 10-311] analyzing module Block_Design_microblaze_0_0_MB_MUXCY_XORCY_275
INFO: [VRFC 10-311] analyzing module Block_Design_microblaze_0_0_MB_MUXCY_XORCY_276
INFO: [VRFC 10-311] analyzing module Block_Design_microblaze_0_0_MB_MUXCY_XORCY_277
INFO: [VRFC 10-311] analyzing module Block_Design_microblaze_0_0_MB_MUXCY_XORCY_278
INFO: [VRFC 10-311] analyzing module Block_Design_microblaze_0_0_MB_MUXCY_XORCY_279
INFO: [VRFC 10-311] analyzing module Block_Design_microblaze_0_0_MB_MUXCY_XORCY_280
INFO: [VRFC 10-311] analyzing module Block_Design_microblaze_0_0_MB_MUXCY_XORCY_281
INFO: [VRFC 10-311] analyzing module Block_Design_microblaze_0_0_MB_MUXCY_XORCY_282
INFO: [VRFC 10-311] analyzing module Block_Design_microblaze_0_0_MB_MUXCY_XORCY_283
INFO: [VRFC 10-311] analyzing module Block_Design_microblaze_0_0_MB_MUXCY_XORCY_284
INFO: [VRFC 10-311] analyzing module Block_Design_microblaze_0_0_MB_MUXCY_XORCY_285
INFO: [VRFC 10-311] analyzing module Block_Design_microblaze_0_0_MB_MUXCY_XORCY_286
INFO: [VRFC 10-311] analyzing module Block_Design_microblaze_0_0_MB_MUXCY_XORCY_287
INFO: [VRFC 10-311] analyzing module Block_Design_microblaze_0_0_MB_MUXCY_XORCY_288
INFO: [VRFC 10-311] analyzing module Block_Design_microblaze_0_0_MB_MUXCY_XORCY_289
INFO: [VRFC 10-311] analyzing module Block_Design_microblaze_0_0_MB_MUXCY_XORCY_290
INFO: [VRFC 10-311] analyzing module Block_Design_microblaze_0_0_MB_MUXCY_XORCY_291
INFO: [VRFC 10-311] analyzing module Block_Design_microblaze_0_0_MB_MUXCY_XORCY_292
INFO: [VRFC 10-311] analyzing module Block_Design_microblaze_0_0_MB_MUXCY_XORCY_293
INFO: [VRFC 10-311] analyzing module Block_Design_microblaze_0_0_MB_MUXCY_XORCY_294
INFO: [VRFC 10-311] analyzing module Block_Design_microblaze_0_0_MB_MUXCY_XORCY_295
INFO: [VRFC 10-311] analyzing module Block_Design_microblaze_0_0_MB_MUXCY_XORCY_305
INFO: [VRFC 10-311] analyzing module Block_Design_microblaze_0_0_MB_MUXCY_XORCY_308
INFO: [VRFC 10-311] analyzing module Block_Design_microblaze_0_0_MB_MUXCY_XORCY_311
INFO: [VRFC 10-311] analyzing module Block_Design_microblaze_0_0_MB_MUXCY_XORCY_314
INFO: [VRFC 10-311] analyzing module Block_Design_microblaze_0_0_MB_MUXCY_XORCY_317
INFO: [VRFC 10-311] analyzing module Block_Design_microblaze_0_0_MB_MUXCY_XORCY_320
INFO: [VRFC 10-311] analyzing module Block_Design_microblaze_0_0_MB_MUXCY_XORCY_323
INFO: [VRFC 10-311] analyzing module Block_Design_microblaze_0_0_MB_MUXCY_XORCY_326
INFO: [VRFC 10-311] analyzing module Block_Design_microblaze_0_0_MB_MUXCY_XORCY_329
INFO: [VRFC 10-311] analyzing module Block_Design_microblaze_0_0_MB_MUXCY_XORCY_332
INFO: [VRFC 10-311] analyzing module Block_Design_microblaze_0_0_MB_MUXCY_XORCY_335
INFO: [VRFC 10-311] analyzing module Block_Design_microblaze_0_0_MB_MUXCY_XORCY_338
INFO: [VRFC 10-311] analyzing module Block_Design_microblaze_0_0_MB_MUXCY_XORCY_341
INFO: [VRFC 10-311] analyzing module Block_Design_microblaze_0_0_MB_MUXCY_XORCY_344
INFO: [VRFC 10-311] analyzing module Block_Design_microblaze_0_0_MB_MUXCY_XORCY_347
INFO: [VRFC 10-311] analyzing module Block_Design_microblaze_0_0_MB_MUXCY_XORCY_350
INFO: [VRFC 10-311] analyzing module Block_Design_microblaze_0_0_MB_MUXCY_XORCY_353
INFO: [VRFC 10-311] analyzing module Block_Design_microblaze_0_0_MB_MUXCY_XORCY_356
INFO: [VRFC 10-311] analyzing module Block_Design_microblaze_0_0_MB_MUXCY_XORCY_359
INFO: [VRFC 10-311] analyzing module Block_Design_microblaze_0_0_MB_MUXCY_XORCY_362
INFO: [VRFC 10-311] analyzing module Block_Design_microblaze_0_0_MB_MUXCY_XORCY_365
INFO: [VRFC 10-311] analyzing module Block_Design_microblaze_0_0_MB_MUXCY_XORCY_368
INFO: [VRFC 10-311] analyzing module Block_Design_microblaze_0_0_MB_MUXCY_XORCY_371
INFO: [VRFC 10-311] analyzing module Block_Design_microblaze_0_0_MB_MUXCY_XORCY_374
INFO: [VRFC 10-311] analyzing module Block_Design_microblaze_0_0_MB_MUXCY_XORCY_377
INFO: [VRFC 10-311] analyzing module Block_Design_microblaze_0_0_MB_MUXCY_XORCY_380
INFO: [VRFC 10-311] analyzing module Block_Design_microblaze_0_0_MB_MUXCY_XORCY_383
INFO: [VRFC 10-311] analyzing module Block_Design_microblaze_0_0_MB_MUXCY_XORCY_386
INFO: [VRFC 10-311] analyzing module Block_Design_microblaze_0_0_MB_MUXCY_XORCY_389
INFO: [VRFC 10-311] analyzing module Block_Design_microblaze_0_0_MB_MUXCY_XORCY_392
INFO: [VRFC 10-311] analyzing module Block_Design_microblaze_0_0_MB_MUXCY_XORCY_395
INFO: [VRFC 10-311] analyzing module Block_Design_microblaze_0_0_MB_MUXCY_XORCY_398
INFO: [VRFC 10-311] analyzing module Block_Design_microblaze_0_0_MB_MUXCY_XORCY_517
INFO: [VRFC 10-311] analyzing module Block_Design_microblaze_0_0_MB_MUXCY_XORCY_519
INFO: [VRFC 10-311] analyzing module Block_Design_microblaze_0_0_MB_MUXCY_XORCY_521
INFO: [VRFC 10-311] analyzing module Block_Design_microblaze_0_0_MB_MUXCY_XORCY_523
INFO: [VRFC 10-311] analyzing module Block_Design_microblaze_0_0_MB_MUXCY_XORCY_525
INFO: [VRFC 10-311] analyzing module Block_Design_microblaze_0_0_MB_MUXCY_XORCY_527
INFO: [VRFC 10-311] analyzing module Block_Design_microblaze_0_0_MB_MUXCY_XORCY_529
INFO: [VRFC 10-311] analyzing module Block_Design_microblaze_0_0_MB_MUXCY_XORCY_531
INFO: [VRFC 10-311] analyzing module Block_Design_microblaze_0_0_MB_MUXCY_XORCY_533
INFO: [VRFC 10-311] analyzing module Block_Design_microblaze_0_0_MB_MUXCY_XORCY_535
INFO: [VRFC 10-311] analyzing module Block_Design_microblaze_0_0_MB_MUXCY_XORCY_537
INFO: [VRFC 10-311] analyzing module Block_Design_microblaze_0_0_MB_MUXCY_XORCY_539
INFO: [VRFC 10-311] analyzing module Block_Design_microblaze_0_0_MB_MUXCY_XORCY_541
INFO: [VRFC 10-311] analyzing module Block_Design_microblaze_0_0_MB_MUXCY_XORCY_543
INFO: [VRFC 10-311] analyzing module Block_Design_microblaze_0_0_MB_MUXCY_XORCY_545
INFO: [VRFC 10-311] analyzing module Block_Design_microblaze_0_0_MB_MUXCY_XORCY_547
INFO: [VRFC 10-311] analyzing module Block_Design_microblaze_0_0_MB_MUXCY_XORCY_549
INFO: [VRFC 10-311] analyzing module Block_Design_microblaze_0_0_MB_MUXCY_XORCY_551
INFO: [VRFC 10-311] analyzing module Block_Design_microblaze_0_0_MB_MUXCY_XORCY_553
INFO: [VRFC 10-311] analyzing module Block_Design_microblaze_0_0_MB_MUXCY_XORCY_555
INFO: [VRFC 10-311] analyzing module Block_Design_microblaze_0_0_MB_MUXCY_XORCY_557
INFO: [VRFC 10-311] analyzing module Block_Design_microblaze_0_0_MB_MUXCY_XORCY_559
INFO: [VRFC 10-311] analyzing module Block_Design_microblaze_0_0_MB_MUXCY_XORCY_561
INFO: [VRFC 10-311] analyzing module Block_Design_microblaze_0_0_MB_MUXCY_XORCY_563
INFO: [VRFC 10-311] analyzing module Block_Design_microblaze_0_0_MB_MUXCY_XORCY_565
INFO: [VRFC 10-311] analyzing module Block_Design_microblaze_0_0_MB_MUXCY_XORCY_567
INFO: [VRFC 10-311] analyzing module Block_Design_microblaze_0_0_MB_MUXCY_XORCY_569
INFO: [VRFC 10-311] analyzing module Block_Design_microblaze_0_0_MB_MUXCY_XORCY_571
INFO: [VRFC 10-311] analyzing module Block_Design_microblaze_0_0_MB_MUXCY_XORCY_573
INFO: [VRFC 10-311] analyzing module Block_Design_microblaze_0_0_MB_MUXCY_XORCY_575
INFO: [VRFC 10-311] analyzing module Block_Design_microblaze_0_0_MB_MUXCY_XORCY_577
INFO: [VRFC 10-311] analyzing module Block_Design_microblaze_0_0_MB_MUXCY_XORCY_578
INFO: [VRFC 10-311] analyzing module Block_Design_microblaze_0_0_MB_MUXF7
INFO: [VRFC 10-311] analyzing module Block_Design_microblaze_0_0_MB_MUXF7_117
INFO: [VRFC 10-311] analyzing module Block_Design_microblaze_0_0_MB_MUXF7_119
INFO: [VRFC 10-311] analyzing module Block_Design_microblaze_0_0_MB_MUXF7_121
INFO: [VRFC 10-311] analyzing module Block_Design_microblaze_0_0_MB_MUXF7_123
INFO: [VRFC 10-311] analyzing module Block_Design_microblaze_0_0_MB_MUXF7_125
INFO: [VRFC 10-311] analyzing module Block_Design_microblaze_0_0_MB_MUXF7_127
INFO: [VRFC 10-311] analyzing module Block_Design_microblaze_0_0_MB_MUXF7_129
INFO: [VRFC 10-311] analyzing module Block_Design_microblaze_0_0_MB_MUXF7_131
INFO: [VRFC 10-311] analyzing module Block_Design_microblaze_0_0_MB_MUXF7_133
INFO: [VRFC 10-311] analyzing module Block_Design_microblaze_0_0_MB_MUXF7_135
INFO: [VRFC 10-311] analyzing module Block_Design_microblaze_0_0_MB_MUXF7_137
INFO: [VRFC 10-311] analyzing module Block_Design_microblaze_0_0_MB_MUXF7_139
INFO: [VRFC 10-311] analyzing module Block_Design_microblaze_0_0_MB_MUXF7_141
INFO: [VRFC 10-311] analyzing module Block_Design_microblaze_0_0_MB_MUXF7_143
INFO: [VRFC 10-311] analyzing module Block_Design_microblaze_0_0_MB_MUXF7_145
INFO: [VRFC 10-311] analyzing module Block_Design_microblaze_0_0_MB_MUXF7_147
INFO: [VRFC 10-311] analyzing module Block_Design_microblaze_0_0_MB_MUXF7_149
INFO: [VRFC 10-311] analyzing module Block_Design_microblaze_0_0_MB_MUXF7_151
INFO: [VRFC 10-311] analyzing module Block_Design_microblaze_0_0_MB_MUXF7_153
INFO: [VRFC 10-311] analyzing module Block_Design_microblaze_0_0_MB_MUXF7_155
INFO: [VRFC 10-311] analyzing module Block_Design_microblaze_0_0_MB_MUXF7_157
INFO: [VRFC 10-311] analyzing module Block_Design_microblaze_0_0_MB_MUXF7_159
INFO: [VRFC 10-311] analyzing module Block_Design_microblaze_0_0_MB_MUXF7_161
INFO: [VRFC 10-311] analyzing module Block_Design_microblaze_0_0_MB_MUXF7_163
INFO: [VRFC 10-311] analyzing module Block_Design_microblaze_0_0_MB_MUXF7_165
INFO: [VRFC 10-311] analyzing module Block_Design_microblaze_0_0_MB_MUXF7_167
INFO: [VRFC 10-311] analyzing module Block_Design_microblaze_0_0_MB_MUXF7_169
INFO: [VRFC 10-311] analyzing module Block_Design_microblaze_0_0_MB_MUXF7_171
INFO: [VRFC 10-311] analyzing module Block_Design_microblaze_0_0_MB_MUXF7_173
INFO: [VRFC 10-311] analyzing module Block_Design_microblaze_0_0_MB_MUXF7_175
INFO: [VRFC 10-311] analyzing module Block_Design_microblaze_0_0_MB_MUXF7_177
INFO: [VRFC 10-311] analyzing module Block_Design_microblaze_0_0_MB_MUXF7_179
INFO: [VRFC 10-311] analyzing module Block_Design_microblaze_0_0_MB_MUXF7_181
INFO: [VRFC 10-311] analyzing module Block_Design_microblaze_0_0_MB_MUXF7_183
INFO: [VRFC 10-311] analyzing module Block_Design_microblaze_0_0_MB_MUXF7_185
INFO: [VRFC 10-311] analyzing module Block_Design_microblaze_0_0_MB_MUXF7_187
INFO: [VRFC 10-311] analyzing module Block_Design_microblaze_0_0_MB_MUXF7_189
INFO: [VRFC 10-311] analyzing module Block_Design_microblaze_0_0_MB_MUXF7_191
INFO: [VRFC 10-311] analyzing module Block_Design_microblaze_0_0_MB_MUXF7_193
INFO: [VRFC 10-311] analyzing module Block_Design_microblaze_0_0_MB_MUXF7_195
INFO: [VRFC 10-311] analyzing module Block_Design_microblaze_0_0_MB_MUXF7_197
INFO: [VRFC 10-311] analyzing module Block_Design_microblaze_0_0_MB_MUXF7_199
INFO: [VRFC 10-311] analyzing module Block_Design_microblaze_0_0_MB_MUXF7_201
INFO: [VRFC 10-311] analyzing module Block_Design_microblaze_0_0_MB_MUXF7_204
INFO: [VRFC 10-311] analyzing module Block_Design_microblaze_0_0_MB_MUXF7_206
INFO: [VRFC 10-311] analyzing module Block_Design_microblaze_0_0_MB_MUXF7_208
INFO: [VRFC 10-311] analyzing module Block_Design_microblaze_0_0_MB_MUXF7_210
INFO: [VRFC 10-311] analyzing module Block_Design_microblaze_0_0_MB_MUXF7_212
INFO: [VRFC 10-311] analyzing module Block_Design_microblaze_0_0_MB_MUXF7_214
INFO: [VRFC 10-311] analyzing module Block_Design_microblaze_0_0_MB_MUXF7_216
INFO: [VRFC 10-311] analyzing module Block_Design_microblaze_0_0_MB_MUXF7_218
INFO: [VRFC 10-311] analyzing module Block_Design_microblaze_0_0_MB_MUXF7_220
INFO: [VRFC 10-311] analyzing module Block_Design_microblaze_0_0_MB_MUXF7_222
INFO: [VRFC 10-311] analyzing module Block_Design_microblaze_0_0_MB_MUXF7_224
INFO: [VRFC 10-311] analyzing module Block_Design_microblaze_0_0_MB_MUXF7_226
INFO: [VRFC 10-311] analyzing module Block_Design_microblaze_0_0_MB_MUXF7_228
INFO: [VRFC 10-311] analyzing module Block_Design_microblaze_0_0_MB_MUXF7_230
INFO: [VRFC 10-311] analyzing module Block_Design_microblaze_0_0_MB_MUXF7_232
INFO: [VRFC 10-311] analyzing module Block_Design_microblaze_0_0_MB_MUXF7_234
INFO: [VRFC 10-311] analyzing module Block_Design_microblaze_0_0_MB_MUXF7_236
INFO: [VRFC 10-311] analyzing module Block_Design_microblaze_0_0_MB_MUXF7_238
INFO: [VRFC 10-311] analyzing module Block_Design_microblaze_0_0_MB_MUXF7_240
INFO: [VRFC 10-311] analyzing module Block_Design_microblaze_0_0_MB_MUXF7_242
INFO: [VRFC 10-311] analyzing module Block_Design_microblaze_0_0_MB_MUXF7_244
INFO: [VRFC 10-311] analyzing module Block_Design_microblaze_0_0_MB_MUXF7_246
INFO: [VRFC 10-311] analyzing module Block_Design_microblaze_0_0_MB_MUXF7_248
INFO: [VRFC 10-311] analyzing module Block_Design_microblaze_0_0_MB_MUXF7_250
INFO: [VRFC 10-311] analyzing module Block_Design_microblaze_0_0_MB_MUXF7_252
INFO: [VRFC 10-311] analyzing module Block_Design_microblaze_0_0_MB_MUXF7_254
INFO: [VRFC 10-311] analyzing module Block_Design_microblaze_0_0_MB_MUXF7_256
INFO: [VRFC 10-311] analyzing module Block_Design_microblaze_0_0_MB_MUXF7_258
INFO: [VRFC 10-311] analyzing module Block_Design_microblaze_0_0_MB_MUXF7_260
INFO: [VRFC 10-311] analyzing module Block_Design_microblaze_0_0_MB_MUXF7_262
INFO: [VRFC 10-311] analyzing module Block_Design_microblaze_0_0_MB_MUXF7_264
INFO: [VRFC 10-311] analyzing module Block_Design_microblaze_0_0_MB_MUXF7_266
INFO: [VRFC 10-311] analyzing module Block_Design_microblaze_0_0_MB_MUXF7_422
INFO: [VRFC 10-311] analyzing module Block_Design_microblaze_0_0_MB_MUXF7_423
INFO: [VRFC 10-311] analyzing module Block_Design_microblaze_0_0_MB_MUXF7_424
INFO: [VRFC 10-311] analyzing module Block_Design_microblaze_0_0_MB_MUXF7_425
INFO: [VRFC 10-311] analyzing module Block_Design_microblaze_0_0_MB_MUXF7_426
INFO: [VRFC 10-311] analyzing module Block_Design_microblaze_0_0_MB_MUXF7_427
INFO: [VRFC 10-311] analyzing module Block_Design_microblaze_0_0_MB_MUXF7_428
INFO: [VRFC 10-311] analyzing module Block_Design_microblaze_0_0_MB_MUXF7_429
INFO: [VRFC 10-311] analyzing module Block_Design_microblaze_0_0_MB_MUXF7_430
INFO: [VRFC 10-311] analyzing module Block_Design_microblaze_0_0_MB_MUXF7_431
INFO: [VRFC 10-311] analyzing module Block_Design_microblaze_0_0_MB_MUXF7_432
INFO: [VRFC 10-311] analyzing module Block_Design_microblaze_0_0_MB_MUXF7_433
INFO: [VRFC 10-311] analyzing module Block_Design_microblaze_0_0_MB_MUXF7_434
INFO: [VRFC 10-311] analyzing module Block_Design_microblaze_0_0_MB_MUXF7_435
INFO: [VRFC 10-311] analyzing module Block_Design_microblaze_0_0_MB_MUXF7_436
INFO: [VRFC 10-311] analyzing module Block_Design_microblaze_0_0_MB_MUXF7_437
INFO: [VRFC 10-311] analyzing module Block_Design_microblaze_0_0_MB_MUXF7_438
INFO: [VRFC 10-311] analyzing module Block_Design_microblaze_0_0_MB_MUXF7_439
INFO: [VRFC 10-311] analyzing module Block_Design_microblaze_0_0_MB_MUXF7_440
INFO: [VRFC 10-311] analyzing module Block_Design_microblaze_0_0_MB_MUXF7_441
INFO: [VRFC 10-311] analyzing module Block_Design_microblaze_0_0_MB_MUXF7_442
INFO: [VRFC 10-311] analyzing module Block_Design_microblaze_0_0_MB_MUXF7_443
INFO: [VRFC 10-311] analyzing module Block_Design_microblaze_0_0_MB_MUXF7_444
INFO: [VRFC 10-311] analyzing module Block_Design_microblaze_0_0_MB_MUXF7_445
INFO: [VRFC 10-311] analyzing module Block_Design_microblaze_0_0_MB_MUXF7_446
INFO: [VRFC 10-311] analyzing module Block_Design_microblaze_0_0_MB_MUXF7_447
INFO: [VRFC 10-311] analyzing module Block_Design_microblaze_0_0_MB_MUXF7_448
INFO: [VRFC 10-311] analyzing module Block_Design_microblaze_0_0_MB_MUXF7_449
INFO: [VRFC 10-311] analyzing module Block_Design_microblaze_0_0_MB_MUXF7_450
INFO: [VRFC 10-311] analyzing module Block_Design_microblaze_0_0_MB_MUXF7_451
INFO: [VRFC 10-311] analyzing module Block_Design_microblaze_0_0_MB_MUXF7_452
INFO: [VRFC 10-311] analyzing module Block_Design_microblaze_0_0_MB_MUXF7_453
INFO: [VRFC 10-311] analyzing module Block_Design_microblaze_0_0_MB_RAM32M
INFO: [VRFC 10-311] analyzing module Block_Design_microblaze_0_0_MB_RAM32M_407
INFO: [VRFC 10-311] analyzing module Block_Design_microblaze_0_0_MB_RAM32M_408
INFO: [VRFC 10-311] analyzing module Block_Design_microblaze_0_0_MB_RAM32M_409
INFO: [VRFC 10-311] analyzing module Block_Design_microblaze_0_0_MB_RAM32M_410
INFO: [VRFC 10-311] analyzing module Block_Design_microblaze_0_0_MB_RAM32M_411
INFO: [VRFC 10-311] analyzing module Block_Design_microblaze_0_0_MB_RAM32M_412
INFO: [VRFC 10-311] analyzing module Block_Design_microblaze_0_0_MB_RAM32M_413
INFO: [VRFC 10-311] analyzing module Block_Design_microblaze_0_0_MB_RAM32M_414
INFO: [VRFC 10-311] analyzing module Block_Design_microblaze_0_0_MB_RAM32M_415
INFO: [VRFC 10-311] analyzing module Block_Design_microblaze_0_0_MB_RAM32M_416
INFO: [VRFC 10-311] analyzing module Block_Design_microblaze_0_0_MB_RAM32M_417
INFO: [VRFC 10-311] analyzing module Block_Design_microblaze_0_0_MB_RAM32M_418
INFO: [VRFC 10-311] analyzing module Block_Design_microblaze_0_0_MB_RAM32M_419
INFO: [VRFC 10-311] analyzing module Block_Design_microblaze_0_0_MB_RAM32M_420
INFO: [VRFC 10-311] analyzing module Block_Design_microblaze_0_0_MB_RAM32M_421
INFO: [VRFC 10-311] analyzing module Block_Design_microblaze_0_0_MB_SRL16E
INFO: [VRFC 10-311] analyzing module Block_Design_microblaze_0_0_MB_SRL16E__parameterized1
INFO: [VRFC 10-311] analyzing module Block_Design_microblaze_0_0_MB_SRL16E__parameterized1_17
INFO: [VRFC 10-311] analyzing module Block_Design_microblaze_0_0_MB_SRL16E__parameterized1_20
INFO: [VRFC 10-311] analyzing module Block_Design_microblaze_0_0_MB_SRL16E__parameterized1_24
INFO: [VRFC 10-311] analyzing module Block_Design_microblaze_0_0_MB_SRL16E__parameterized3
INFO: [VRFC 10-311] analyzing module Block_Design_microblaze_0_0_MB_SRL16E__parameterized3_21
INFO: [VRFC 10-311] analyzing module Block_Design_microblaze_0_0_MB_SRL16E__parameterized5
INFO: [VRFC 10-311] analyzing module Block_Design_microblaze_0_0_MB_SRL16E__parameterized5_22
INFO: [VRFC 10-311] analyzing module Block_Design_microblaze_0_0_MB_SRL16E__parameterized7
INFO: [VRFC 10-311] analyzing module Block_Design_microblaze_0_0_MB_SRL16E__parameterized9
INFO: [VRFC 10-311] analyzing module Block_Design_microblaze_0_0_MB_SRLC16E
INFO: [VRFC 10-311] analyzing module Block_Design_microblaze_0_0_MB_SRLC16E_29
INFO: [VRFC 10-311] analyzing module Block_Design_microblaze_0_0_MB_SRLC16E_31
INFO: [VRFC 10-311] analyzing module Block_Design_microblaze_0_0_MB_SRLC16E_33
INFO: [VRFC 10-311] analyzing module Block_Design_microblaze_0_0_MB_SRLC16E_35
INFO: [VRFC 10-311] analyzing module Block_Design_microblaze_0_0_MB_SRLC16E_37
INFO: [VRFC 10-311] analyzing module Block_Design_microblaze_0_0_MB_SRLC16E_39
INFO: [VRFC 10-311] analyzing module Block_Design_microblaze_0_0_MB_SRLC16E_41
INFO: [VRFC 10-311] analyzing module Block_Design_microblaze_0_0_MicroBlaze
INFO: [VRFC 10-311] analyzing module Block_Design_microblaze_0_0_MicroBlaze_Core
INFO: [VRFC 10-311] analyzing module Block_Design_microblaze_0_0_MicroBlaze_GTi
INFO: [VRFC 10-311] analyzing module Block_Design_microblaze_0_0_Operand_Select_gti
INFO: [VRFC 10-311] analyzing module Block_Design_microblaze_0_0_PC_Module_gti
INFO: [VRFC 10-311] analyzing module Block_Design_microblaze_0_0_PreFetch_Buffer_gti
INFO: [VRFC 10-311] analyzing module Block_Design_microblaze_0_0_Register_File_gti
INFO: [VRFC 10-311] analyzing module Block_Design_microblaze_0_0_Shift_Logic_Module_gti
INFO: [VRFC 10-311] analyzing module Block_Design_microblaze_0_0_Zero_Detect_gti
INFO: [VRFC 10-311] analyzing module Block_Design_microblaze_0_0_address_hit
INFO: [VRFC 10-311] analyzing module Block_Design_microblaze_0_0_carry_and
INFO: [VRFC 10-311] analyzing module Block_Design_microblaze_0_0_carry_and_54
INFO: [VRFC 10-311] analyzing module Block_Design_microblaze_0_0_carry_and_55
INFO: [VRFC 10-311] analyzing module Block_Design_microblaze_0_0_carry_and_56
INFO: [VRFC 10-311] analyzing module Block_Design_microblaze_0_0_carry_and_57
INFO: [VRFC 10-311] analyzing module Block_Design_microblaze_0_0_carry_and_58
INFO: [VRFC 10-311] analyzing module Block_Design_microblaze_0_0_carry_and_59
INFO: [VRFC 10-311] analyzing module Block_Design_microblaze_0_0_carry_and_60
INFO: [VRFC 10-311] analyzing module Block_Design_microblaze_0_0_carry_and_61
INFO: [VRFC 10-311] analyzing module Block_Design_microblaze_0_0_carry_and_62
INFO: [VRFC 10-311] analyzing module Block_Design_microblaze_0_0_carry_and_63
INFO: [VRFC 10-311] analyzing module Block_Design_microblaze_0_0_carry_and_83
INFO: [VRFC 10-311] analyzing module Block_Design_microblaze_0_0_carry_and_84
INFO: [VRFC 10-311] analyzing module Block_Design_microblaze_0_0_carry_and_85
INFO: [VRFC 10-311] analyzing module Block_Design_microblaze_0_0_carry_and_86
INFO: [VRFC 10-311] analyzing module Block_Design_microblaze_0_0_carry_or
INFO: [VRFC 10-311] analyzing module Block_Design_microblaze_0_0_exception_registers_gti
INFO: [VRFC 10-311] analyzing module Block_Design_microblaze_0_0_instr_mux
INFO: [VRFC 10-311] analyzing module Block_Design_microblaze_0_0_jump_logic
INFO: [VRFC 10-311] analyzing module Block_Design_microblaze_0_0_mb_sync_bit
INFO: [VRFC 10-311] analyzing module Block_Design_microblaze_0_0_mb_sync_bit_0
INFO: [VRFC 10-311] analyzing module Block_Design_microblaze_0_0_mb_sync_bit_1
INFO: [VRFC 10-311] analyzing module Block_Design_microblaze_0_0_mb_sync_bit_43
INFO: [VRFC 10-311] analyzing module Block_Design_microblaze_0_0_mb_sync_bit_44
INFO: [VRFC 10-311] analyzing module Block_Design_microblaze_0_0_mb_sync_bit_45
INFO: [VRFC 10-311] analyzing module Block_Design_microblaze_0_0_mb_sync_bit_46
INFO: [VRFC 10-311] analyzing module Block_Design_microblaze_0_0_mb_sync_bit_47
INFO: [VRFC 10-311] analyzing module Block_Design_microblaze_0_0_mb_sync_bit_48
INFO: [VRFC 10-311] analyzing module Block_Design_microblaze_0_0_mb_sync_bit_49
INFO: [VRFC 10-311] analyzing module Block_Design_microblaze_0_0_mb_sync_bit_50
INFO: [VRFC 10-311] analyzing module Block_Design_microblaze_0_0_mb_sync_bit__parameterized2
INFO: [VRFC 10-311] analyzing module Block_Design_microblaze_0_0_mb_sync_bit__parameterized2_25
INFO: [VRFC 10-311] analyzing module Block_Design_microblaze_0_0_mb_sync_bit__parameterized2_26
INFO: [VRFC 10-311] analyzing module Block_Design_microblaze_0_0_mb_sync_bit__parameterized2_27
INFO: [VRFC 10-311] analyzing module Block_Design_microblaze_0_0_mb_sync_bit__parameterized2_53
INFO: [VRFC 10-311] analyzing module Block_Design_microblaze_0_0_mb_sync_vec
INFO: [VRFC 10-311] analyzing module Block_Design_microblaze_0_0_mb_sync_vec__parameterized1
INFO: [VRFC 10-311] analyzing module Block_Design_microblaze_0_0_msr_reg_gti
INFO: [VRFC 10-311] analyzing module Block_Design_microblaze_0_0_mux_bus
INFO: [VRFC 10-311] analyzing module Block_Design_microblaze_0_0_xil_scan_reset_control
INFO: [VRFC 10-311] analyzing module Block_Design_microblaze_0_0_xil_scan_reset_control__24
INFO: [VRFC 10-311] analyzing module Block_Design_microblaze_0_0_xil_scan_reset_control__25
INFO: [VRFC 10-311] analyzing module Block_Design_microblaze_0_0_xil_scan_reset_control__27
INFO: [VRFC 10-311] analyzing module Block_Design_microblaze_0_0_xil_scan_reset_control__28
INFO: [VRFC 10-311] analyzing module Block_Design_microblaze_0_0_xil_scan_reset_control__29
INFO: [VRFC 10-311] analyzing module Block_Design_lmb_bram_0_blk_mem_gen_generic_cstr
INFO: [VRFC 10-311] analyzing module Block_Design_lmb_bram_0_blk_mem_gen_prim_width__parameterized0
INFO: [VRFC 10-311] analyzing module Block_Design_lmb_bram_0_blk_mem_gen_prim_width__parameterized1
INFO: [VRFC 10-311] analyzing module Block_Design_lmb_bram_0_blk_mem_gen_prim_width__parameterized10
INFO: [VRFC 10-311] analyzing module Block_Design_lmb_bram_0_blk_mem_gen_prim_width__parameterized11
INFO: [VRFC 10-311] analyzing module Block_Design_lmb_bram_0_blk_mem_gen_prim_width__parameterized12
INFO: [VRFC 10-311] analyzing module Block_Design_lmb_bram_0_blk_mem_gen_prim_width__parameterized13
INFO: [VRFC 10-311] analyzing module Block_Design_lmb_bram_0_blk_mem_gen_prim_width__parameterized14
INFO: [VRFC 10-311] analyzing module Block_Design_lmb_bram_0_blk_mem_gen_prim_width__parameterized15
INFO: [VRFC 10-311] analyzing module Block_Design_lmb_bram_0_blk_mem_gen_prim_width__parameterized16
INFO: [VRFC 10-311] analyzing module Block_Design_lmb_bram_0_blk_mem_gen_prim_width__parameterized17
INFO: [VRFC 10-311] analyzing module Block_Design_lmb_bram_0_blk_mem_gen_prim_width__parameterized18
INFO: [VRFC 10-311] analyzing module Block_Design_lmb_bram_0_blk_mem_gen_prim_width__parameterized19
INFO: [VRFC 10-311] analyzing module Block_Design_lmb_bram_0_blk_mem_gen_prim_width__parameterized2
INFO: [VRFC 10-311] analyzing module Block_Design_lmb_bram_0_blk_mem_gen_prim_width__parameterized20
INFO: [VRFC 10-311] analyzing module Block_Design_lmb_bram_0_blk_mem_gen_prim_width__parameterized21
INFO: [VRFC 10-311] analyzing module Block_Design_lmb_bram_0_blk_mem_gen_prim_width__parameterized22
INFO: [VRFC 10-311] analyzing module Block_Design_lmb_bram_0_blk_mem_gen_prim_width__parameterized23
INFO: [VRFC 10-311] analyzing module Block_Design_lmb_bram_0_blk_mem_gen_prim_width__parameterized24
INFO: [VRFC 10-311] analyzing module Block_Design_lmb_bram_0_blk_mem_gen_prim_width__parameterized25
INFO: [VRFC 10-311] analyzing module Block_Design_lmb_bram_0_blk_mem_gen_prim_width__parameterized26
INFO: [VRFC 10-311] analyzing module Block_Design_lmb_bram_0_blk_mem_gen_prim_width__parameterized27
INFO: [VRFC 10-311] analyzing module Block_Design_lmb_bram_0_blk_mem_gen_prim_width__parameterized28
INFO: [VRFC 10-311] analyzing module Block_Design_lmb_bram_0_blk_mem_gen_prim_width__parameterized29
INFO: [VRFC 10-311] analyzing module Block_Design_lmb_bram_0_blk_mem_gen_prim_width__parameterized3
INFO: [VRFC 10-311] analyzing module Block_Design_lmb_bram_0_blk_mem_gen_prim_width__parameterized30
INFO: [VRFC 10-311] analyzing module Block_Design_lmb_bram_0_blk_mem_gen_prim_width__parameterized4
INFO: [VRFC 10-311] analyzing module Block_Design_lmb_bram_0_blk_mem_gen_prim_width__parameterized5
INFO: [VRFC 10-311] analyzing module Block_Design_lmb_bram_0_blk_mem_gen_prim_width__parameterized6
INFO: [VRFC 10-311] analyzing module Block_Design_lmb_bram_0_blk_mem_gen_prim_width__parameterized7
INFO: [VRFC 10-311] analyzing module Block_Design_lmb_bram_0_blk_mem_gen_prim_width__parameterized8
INFO: [VRFC 10-311] analyzing module Block_Design_lmb_bram_0_blk_mem_gen_prim_width__parameterized9
INFO: [VRFC 10-311] analyzing module Block_Design_lmb_bram_0_blk_mem_gen_prim_wrapper__parameterized0
INFO: [VRFC 10-311] analyzing module Block_Design_lmb_bram_0_blk_mem_gen_prim_wrapper__parameterized1
INFO: [VRFC 10-311] analyzing module Block_Design_lmb_bram_0_blk_mem_gen_prim_wrapper__parameterized10
INFO: [VRFC 10-311] analyzing module Block_Design_lmb_bram_0_blk_mem_gen_prim_wrapper__parameterized11
INFO: [VRFC 10-311] analyzing module Block_Design_lmb_bram_0_blk_mem_gen_prim_wrapper__parameterized12
INFO: [VRFC 10-311] analyzing module Block_Design_lmb_bram_0_blk_mem_gen_prim_wrapper__parameterized13
INFO: [VRFC 10-311] analyzing module Block_Design_lmb_bram_0_blk_mem_gen_prim_wrapper__parameterized14
INFO: [VRFC 10-311] analyzing module Block_Design_lmb_bram_0_blk_mem_gen_prim_wrapper__parameterized15
INFO: [VRFC 10-311] analyzing module Block_Design_lmb_bram_0_blk_mem_gen_prim_wrapper__parameterized16
INFO: [VRFC 10-311] analyzing module Block_Design_lmb_bram_0_blk_mem_gen_prim_wrapper__parameterized17
INFO: [VRFC 10-311] analyzing module Block_Design_lmb_bram_0_blk_mem_gen_prim_wrapper__parameterized18
INFO: [VRFC 10-311] analyzing module Block_Design_lmb_bram_0_blk_mem_gen_prim_wrapper__parameterized19
INFO: [VRFC 10-311] analyzing module Block_Design_lmb_bram_0_blk_mem_gen_prim_wrapper__parameterized2
INFO: [VRFC 10-311] analyzing module Block_Design_lmb_bram_0_blk_mem_gen_prim_wrapper__parameterized20
INFO: [VRFC 10-311] analyzing module Block_Design_lmb_bram_0_blk_mem_gen_prim_wrapper__parameterized21
INFO: [VRFC 10-311] analyzing module Block_Design_lmb_bram_0_blk_mem_gen_prim_wrapper__parameterized22
INFO: [VRFC 10-311] analyzing module Block_Design_lmb_bram_0_blk_mem_gen_prim_wrapper__parameterized23
INFO: [VRFC 10-311] analyzing module Block_Design_lmb_bram_0_blk_mem_gen_prim_wrapper__parameterized24
INFO: [VRFC 10-311] analyzing module Block_Design_lmb_bram_0_blk_mem_gen_prim_wrapper__parameterized25
INFO: [VRFC 10-311] analyzing module Block_Design_lmb_bram_0_blk_mem_gen_prim_wrapper__parameterized26
INFO: [VRFC 10-311] analyzing module Block_Design_lmb_bram_0_blk_mem_gen_prim_wrapper__parameterized27
INFO: [VRFC 10-311] analyzing module Block_Design_lmb_bram_0_blk_mem_gen_prim_wrapper__parameterized28
INFO: [VRFC 10-311] analyzing module Block_Design_lmb_bram_0_blk_mem_gen_prim_wrapper__parameterized29
INFO: [VRFC 10-311] analyzing module Block_Design_lmb_bram_0_blk_mem_gen_prim_wrapper__parameterized3
INFO: [VRFC 10-311] analyzing module Block_Design_lmb_bram_0_blk_mem_gen_prim_wrapper__parameterized30
INFO: [VRFC 10-311] analyzing module Block_Design_lmb_bram_0_blk_mem_gen_prim_wrapper__parameterized4
INFO: [VRFC 10-311] analyzing module Block_Design_lmb_bram_0_blk_mem_gen_prim_wrapper__parameterized5
INFO: [VRFC 10-311] analyzing module Block_Design_lmb_bram_0_blk_mem_gen_prim_wrapper__parameterized6
INFO: [VRFC 10-311] analyzing module Block_Design_lmb_bram_0_blk_mem_gen_prim_wrapper__parameterized7
INFO: [VRFC 10-311] analyzing module Block_Design_lmb_bram_0_blk_mem_gen_prim_wrapper__parameterized8
INFO: [VRFC 10-311] analyzing module Block_Design_lmb_bram_0_blk_mem_gen_prim_wrapper__parameterized9
INFO: [VRFC 10-311] analyzing module Block_Design_lmb_bram_0_blk_mem_gen_top
INFO: [VRFC 10-311] analyzing module Block_Design_lmb_bram_0_blk_mem_gen_v8_4_5
INFO: [VRFC 10-311] analyzing module Block_Design_lmb_bram_0_blk_mem_gen_v8_4_5_synth
INFO: [VRFC 10-311] analyzing module Block_Design_lmb_bram_0_blk_mem_gen_prim_width
INFO: [VRFC 10-311] analyzing module Block_Design_lmb_bram_0_blk_mem_gen_prim_wrapper
INFO: [VRFC 10-311] analyzing module glbl
INFO: [VRFC 10-2263] Analyzing Verilog file "D:/Materiale_pentru_facultate/Anul_4/Semestrul_1/P3/Block_Design/Block_Design.srcs/sim_1/new/Block_Design_TB.v" into library xil_defaultlib
INFO: [VRFC 10-311] analyzing module Block_Design_TB
