Copyright 1986-2022 Xilinx, Inc. All Rights Reserved.
---------------------------------------------------------------------------------------------------------------------------------------------
| Tool Version : Vivado v.2022.1.2 (win64) Build 3605665 Fri Aug  5 22:53:37 MDT 2022
| Date         : Thu Jan  5 04:54:08 2023
| Host         : DESKTOP-4GQ0V91 running 64-bit major release  (build 9200)
| Command      : report_drc -file FPU_IP_Slave_v1_0_drc_routed.rpt -pb FPU_IP_Slave_v1_0_drc_routed.pb -rpx FPU_IP_Slave_v1_0_drc_routed.rpx
| Design       : FPU_IP_Slave_v1_0
| Device       : xc7s50csga324-1
| Speed File   : -1
| Design State : Fully Routed
---------------------------------------------------------------------------------------------------------------------------------------------

Report DRC

Table of Contents
-----------------
1. REPORT SUMMARY
2. REPORT DETAILS

1. REPORT SUMMARY
-----------------
            Netlist: netlist
          Floorplan: design_1
      Design limits: <entire design considered>
           Ruledeck: default
             Max violations: <unlimited>
             Violations found: 6
+----------+------------------+-----------------------------------------------------+------------+
| Rule     | Severity         | Description                                         | Violations |
+----------+------------------+-----------------------------------------------------+------------+
| NSTD-1   | Critical Warning | Unspecified I/O Standard                            | 1          |
| UCIO-1   | Critical Warning | Unconstrained Logical Port                          | 1          |
| CFGBVS-1 | Warning          | Missing CFGBVS and CONFIG_VOLTAGE Design Properties | 1          |
| DPIP-1   | Warning          | Input pipelining                                    | 2          |
| PDRC-153 | Warning          | Gated clock check                                   | 1          |
+----------+------------------+-----------------------------------------------------+------------+

2. REPORT DETAILS
-----------------
NSTD-1#1 Critical Warning
Unspecified I/O Standard  
90 out of 90 logical ports use I/O standard (IOSTANDARD) value 'DEFAULT', instead of a user assigned specific value. This may cause I/O contention or incompatibility with the board power or connectivity affecting performance, signal integrity or in extreme cases cause damage to the device or the components to which it is connected. To correct this violation, specify all I/O standards. This design will fail to generate a bitstream unless all logical ports have a user specified I/O standard value defined. To allow bitstream creation with unspecified I/O standard values (not recommended), use this command: set_property SEVERITY {Warning} [get_drc_checks NSTD-1].  NOTE: When using the Vivado Runs infrastructure (e.g. launch_runs Tcl command), add this command to a .tcl file and add that file as a pre-hook for write_bitstream step for the implementation run. Problem ports: s00_axi_aclk, s00_axi_araddr[2], s00_axi_araddr[3], s00_axi_araddr[4],
s00_axi_aresetn, s00_axi_arready, s00_axi_arvalid, s00_axi_awaddr[2],
s00_axi_awaddr[3], s00_axi_awaddr[4], s00_axi_bresp[1:0],
s00_axi_rdata[31:0], s00_axi_rresp[1:0], s00_axi_wdata[31:0],
s00_axi_wstrb[3:0] (the first 15 of 23 listed).
Related violations: <none>

UCIO-1#1 Critical Warning
Unconstrained Logical Port  
90 out of 90 logical ports have no user assigned specific location constraint (LOC). This may cause I/O contention or incompatibility with the board power or connectivity affecting performance, signal integrity or in extreme cases cause damage to the device or the components to which it is connected. To correct this violation, specify all pin locations. This design will fail to generate a bitstream unless all logical ports have a user specified site LOC constraint defined.  To allow bitstream creation with unspecified pin locations (not recommended), use this command: set_property SEVERITY {Warning} [get_drc_checks UCIO-1].  NOTE: When using the Vivado Runs infrastructure (e.g. launch_runs Tcl command), add this command to a .tcl file and add that file as a pre-hook for write_bitstream step for the implementation run.  Problem ports: s00_axi_aclk, s00_axi_araddr[2], s00_axi_araddr[3], s00_axi_araddr[4],
s00_axi_aresetn, s00_axi_arready, s00_axi_arvalid, s00_axi_awaddr[2],
s00_axi_awaddr[3], s00_axi_awaddr[4], s00_axi_bresp[1:0],
s00_axi_rdata[31:0], s00_axi_rresp[1:0], s00_axi_wdata[31:0],
s00_axi_wstrb[3:0] (the first 15 of 23 listed).
Related violations: <none>

CFGBVS-1#1 Warning
Missing CFGBVS and CONFIG_VOLTAGE Design Properties  
Neither the CFGBVS nor CONFIG_VOLTAGE voltage property is set in the current_design.  Configuration bank voltage select (CFGBVS) must be set to VCCO or GND, and CONFIG_VOLTAGE must be set to the correct configuration voltage, in order to determine the I/O voltage support for the pins in bank 0.  It is suggested to specify these either using the 'Edit Device Properties' function in the GUI or directly in the XDC file using the following syntax:

 set_property CFGBVS value1 [current_design]
 #where value1 is either VCCO or GND

 set_property CONFIG_VOLTAGE value2 [current_design]
 #where value2 is the voltage provided to configuration bank 0

Refer to the device configuration user guide for more information.
Related violations: <none>

DPIP-1#1 Warning
Input pipelining  
DSP FPU_IP_Slave_v1_0_S00_AXI_inst/DUT/multiplier/i_e1 input FPU_IP_Slave_v1_0_S00_AXI_inst/DUT/multiplier/i_e1/A[29:0] is not pipelined. Pipelining DSP48 input will improve performance.
Related violations: <none>

DPIP-1#2 Warning
Input pipelining  
DSP FPU_IP_Slave_v1_0_S00_AXI_inst/DUT/multiplier/i_e1__0 input FPU_IP_Slave_v1_0_S00_AXI_inst/DUT/multiplier/i_e1__0/B[17:0] is not pipelined. Pipelining DSP48 input will improve performance.
Related violations: <none>

PDRC-153#1 Warning
Gated clock check  
Net FPU_IP_Slave_v1_0_S00_AXI_inst/DUT/adder/o_sign_reg_i_2_n_2 is a gated clock net sourced by a combinational pin FPU_IP_Slave_v1_0_S00_AXI_inst/DUT/adder/o_sign_reg_i_2/O, cell FPU_IP_Slave_v1_0_S00_AXI_inst/DUT/adder/o_sign_reg_i_2. This is not good design practice and will likely impact performance. For SLICE registers, for example, use the CE pin to control the loading of data.
Related violations: <none>


