Copyright 1986-2022 Xilinx, Inc. All Rights Reserved.
------------------------------------------------------------------------------------
| Tool Version : Vivado v.2022.2 (win64) Build 3671981 Fri Oct 14 05:00:03 MDT 2022
| Date         : Sat Jan  7 16:28:34 2023
| Host         : DESKTOP-4GQ0V91 running 64-bit major release  (build 9200)
| Command      : report_clock_utilization -file FPU_clock_utilization_routed.rpt
| Design       : FPU
| Device       : 7s50-csga324
| Speed File   : -1  PRODUCTION 1.23 2018-06-13
| Design State : Routed
------------------------------------------------------------------------------------

Clock Utilization Report

Table of Contents
-----------------
1. Clock Primitive Utilization
2. Global Clock Resources
3. Global Clock Source Details
4. Clock Regions: Key Resource Utilization
5. Clock Regions : Global Clock Summary
6. Device Cell Placement Summary for Global Clock g0
7. Device Cell Placement Summary for Global Clock g1
8. Device Cell Placement Summary for Global Clock g2
9. Device Cell Placement Summary for Global Clock g3
10. Device Cell Placement Summary for Global Clock g4
11. Device Cell Placement Summary for Global Clock g5
12. Device Cell Placement Summary for Global Clock g6
13. Device Cell Placement Summary for Global Clock g7
14. Clock Region Cell Placement per Global Clock: Region X0Y0
15. Clock Region Cell Placement per Global Clock: Region X1Y0
16. Clock Region Cell Placement per Global Clock: Region X0Y1
17. Clock Region Cell Placement per Global Clock: Region X1Y1

1. Clock Primitive Utilization
------------------------------

+----------+------+-----------+-----+--------------+--------+
| Type     | Used | Available | LOC | Clock Region | Pblock |
+----------+------+-----------+-----+--------------+--------+
| BUFGCTRL |    8 |        32 |   0 |            0 |      0 |
| BUFH     |    0 |        72 |   0 |            0 |      0 |
| BUFIO    |    0 |        20 |   0 |            0 |      0 |
| BUFMR    |    0 |        10 |   0 |            0 |      0 |
| BUFR     |    0 |        20 |   0 |            0 |      0 |
| MMCM     |    0 |         5 |   0 |            0 |      0 |
| PLL      |    0 |         5 |   0 |            0 |      0 |
+----------+------+-----------+-----+--------------+--------+


2. Global Clock Resources
-------------------------

+-----------+-----------+-----------------+------------+---------------+--------------+-------------------+-------------+-----------------+--------------+-------+----------------------------------------------------------------+---------------------------------------------------------+
| Global Id | Source Id | Driver Type/Pin | Constraint | Site          | Clock Region | Load Clock Region | Clock Loads | Non-Clock Loads | Clock Period | Clock | Driver Pin                                                     | Net                                                     |
+-----------+-----------+-----------------+------------+---------------+--------------+-------------------+-------------+-----------------+--------------+-------+----------------------------------------------------------------+---------------------------------------------------------+
| g0        | src0      | BUFG/O          | None       | BUFGCTRL_X0Y0 | n/a          |                 4 |         275 |               0 |       83.333 | clk   | clk_IBUF_BUFG_inst/O                                           | clk_IBUF_BUFG                                           |
| g1        | src1      | BUFG/O          | None       | BUFGCTRL_X0Y1 | n/a          |                 1 |          52 |               0 |              |       | i_e_reg[7]_i_2__0/O                                            | i_e__0                                                  |
| g2        | src2      | BUFG/O          | None       | BUFGCTRL_X0Y2 | n/a          |                 2 |          33 |               0 |              |       | o_mantissa_reg[24]_i_2/O                                       | o_exponent                                              |
| g3        | src3      | BUFG/O          | None       | BUFGCTRL_X0Y3 | n/a          |                 1 |          32 |               0 |              |       | i_e_reg[7]_i_2__1/O                                            | i_e__0_5                                                |
| g4        | src4      | BUFG/O          | None       | BUFGCTRL_X0Y4 | n/a          |                 1 |          32 |               0 |              |       | n_0_50_BUFG_inst/O                                             | n_0_50_BUFG                                             |
| g5        | src5      | BUFG/O          | None       | BUFGCTRL_X0Y5 | n/a          |                 4 |          32 |               0 |              |       | n_1_1844_BUFG_inst/O                                           | n_1_1844_BUFG                                           |
| g6        | src6      | BUFG/O          | None       | BUFGCTRL_X0Y6 | n/a          |                 1 |          31 |               0 |              |       | multiplier/mul_normaliser/out_e_reg[7]_i_2_n_2_BUFG_inst/O     | multiplier/mul_normaliser/out_e_reg[7]_i_2_n_2_BUFG     |
| g7        | src7      | BUFG/O          | None       | BUFGCTRL_X0Y7 | n/a          |                 4 |          30 |               0 |              |       | divider/add_div_normaliser/out_e_reg[7]_i_1__0_n_2_BUFG_inst/O | divider/add_div_normaliser/out_e_reg[7]_i_1__0_n_2_BUFG |
+-----------+-----------+-----------------+------------+---------------+--------------+-------------------+-------------+-----------------+--------------+-------+----------------------------------------------------------------+---------------------------------------------------------+
* Clock Loads column represents cell count of net connects that connect to a clock pin. Internal cell leaf pins are not considered
** Non-Clock Loads column represents cell count of non-clock pin loads


3. Global Clock Source Details
------------------------------

+-----------+-----------+-----------------+------------+--------------+--------------+-------------+-----------------+---------------------+--------------+--------------------------------------------------+----------------------------------------------------+
| Source Id | Global Id | Driver Type/Pin | Constraint | Site         | Clock Region | Clock Loads | Non-Clock Loads | Source Clock Period | Source Clock | Driver Pin                                       | Net                                                |
+-----------+-----------+-----------------+------------+--------------+--------------+-------------+-----------------+---------------------+--------------+--------------------------------------------------+----------------------------------------------------+
| src0      | g0        | IBUF/O          | None       | IOB_X0Y28    | X0Y0         |           1 |               0 |              83.333 | clk          | clk_IBUF_inst/O                                  | clk_IBUF                                           |
| src1      | g1        | LUT5/O          | None       | SLICE_X37Y46 | X1Y0         |           1 |               0 |                     |              | multiplier/i_e_reg[7]_i_4/O                      | multiplier/i_e1__0_0                               |
| src2      | g2        | LUT4/O          | None       | SLICE_X36Y47 | X1Y0         |           1 |               0 |                     |              | adder/o_mantissa_reg[24]_i_8/O                   | adder/o_mantissa_reg[0]_i_4_0                      |
| src3      | g3        | LUT2/O          | None       | SLICE_X36Y48 | X1Y0         |           1 |               0 |                     |              | adder/i_e_reg[7]_i_3/O                           | adder/adder_b_in_reg[31]                           |
| src4      | g4        | LUT6/O          | None       | SLICE_X36Y48 | X1Y0         |           1 |               0 |                     |              | adder/n_0_50_BUFG_inst_i_1/O                     | adder/n_0_50_BUFG_inst_n_1                         |
| src5      | g5        | LUT6/O          | None       | SLICE_X32Y50 | X0Y1         |           1 |              31 |                     |              | divider/n_1_1844_BUFG_inst_i_1/O                 | divider/n_1_1844_BUFG_inst_n_2                     |
| src6      | g6        | LUT6/O          | None       | SLICE_X37Y46 | X1Y0         |           1 |               0 |                     |              | multiplier/mul_normaliser/out_e_reg[7]_i_2/O     | multiplier/mul_normaliser/out_e_reg[7]_i_2_n_2     |
| src7      | g7        | LUT6/O          | None       | SLICE_X36Y48 | X1Y0         |           1 |               0 |                     |              | divider/add_div_normaliser/out_e_reg[7]_i_1__0/O | divider/add_div_normaliser/out_e_reg[7]_i_1__0_n_2 |
+-----------+-----------+-----------------+------------+--------------+--------------+-------------+-----------------+---------------------+--------------+--------------------------------------------------+----------------------------------------------------+
* Clock Loads column represents cell count of net connects that connect to a clock pin. Internal cell leaf pins are not considered
** Non-Clock Loads column represents cell count of non-clock pin loads


4. Clock Regions: Key Resource Utilization
------------------------------------------

+-------------------+--------------+--------------+--------------+--------------+--------------+--------------+--------------+--------------+--------------+--------------+--------------+--------------+--------------+--------------+--------------+
|                   | Global Clock |     BUFRs    |    BUFMRs    |    BUFIOs    |     MMCM     |      PLL     |      GT      |      PCI     |    ILOGIC    |    OLOGIC    |      FF      |     LUTM     |    RAMB18    |    RAMB36    |    DSP48E2   |
+-------------------+------+-------+------+-------+------+-------+------+-------+------+-------+------+-------+------+-------+------+-------+------+-------+------+-------+------+-------+------+-------+------+-------+------+-------+------+-------+
| Clock Region Name | Used | Avail | Used | Avail | Used | Avail | Used | Avail | Used | Avail | Used | Avail | Used | Avail | Used | Avail | Used | Avail | Used | Avail | Used | Avail | Used | Avail | Used | Avail | Used | Avail | Used | Avail |
+-------------------+------+-------+------+-------+------+-------+------+-------+------+-------+------+-------+------+-------+------+-------+------+-------+------+-------+------+-------+------+-------+------+-------+------+-------+------+-------+
| X0Y0              |    3 |    12 |    0 |     4 |    0 |     2 |    0 |     4 |    0 |     1 |    0 |     1 |    0 |     0 |    0 |     0 |    0 |    50 |    0 |    50 |  105 |  1200 |   33 |   400 |    0 |    20 |    0 |    10 |    0 |    20 |
| X1Y0              |    6 |    12 |    0 |     4 |    0 |     2 |    0 |     4 |    0 |     1 |    0 |     1 |    0 |     0 |    0 |     0 |    0 |    50 |    0 |    50 |  122 |  1500 |   61 |   450 |    0 |    40 |    0 |    20 |    1 |    20 |
| X0Y1              |    3 |    12 |    0 |     4 |    0 |     2 |    0 |     4 |    0 |     1 |    0 |     1 |    0 |     0 |    0 |     0 |    0 |    50 |    0 |    50 |   33 |  1200 |   16 |   400 |    0 |    20 |    0 |    10 |    0 |    20 |
| X1Y1              |    6 |    12 |    0 |     4 |    0 |     2 |    0 |     4 |    0 |     1 |    0 |     1 |    0 |     0 |    0 |     0 |    0 |    50 |    0 |    50 |   14 |  1500 |   49 |   450 |    0 |    40 |    0 |    20 |    0 |    20 |
| X0Y2              |    0 |    12 |    0 |     4 |    0 |     2 |    0 |     4 |    0 |     1 |    0 |     1 |    0 |     0 |    0 |     0 |    0 |    50 |    0 |    50 |    0 |  1800 |    0 |   400 |    0 |    20 |    0 |    10 |    0 |    20 |
| X1Y2              |    0 |    12 |    0 |     0 |    0 |     0 |    0 |     0 |    0 |     0 |    0 |     0 |    0 |     4 |    0 |     1 |    0 |     0 |    0 |     0 |    0 |   950 |    0 |   300 |    0 |    10 |    0 |     5 |    0 |    20 |
+-------------------+------+-------+------+-------+------+-------+------+-------+------+-------+------+-------+------+-------+------+-------+------+-------+------+-------+------+-------+------+-------+------+-------+------+-------+------+-------+
* Global Clock column represents track count; while other columns represents cell counts


5. Clock Regions : Global Clock Summary
---------------------------------------

All Modules
+----+----+----+
|    | X0 | X1 |
+----+----+----+
| Y2 |  0 |  0 |
| Y1 |  3 |  6 |
| Y0 |  3 |  6 |
+----+----+----+


6. Device Cell Placement Summary for Global Clock g0
----------------------------------------------------

+-----------+-----------------+-------------------+-------+-------------+----------------+-------------+----------+----------------+----------+---------------+
| Global Id | Driver Type/Pin | Driver Region (D) | Clock | Period (ns) | Waveform (ns)  | Slice Loads | IO Loads | Clocking Loads | GT Loads | Net           |
+-----------+-----------------+-------------------+-------+-------------+----------------+-------------+----------+----------------+----------+---------------+
| g0        | BUFG/O          | n/a               | clk   |      83.333 | {0.000 41.667} |         275 |        0 |              0 |        0 | clk_IBUF_BUFG |
+-----------+-----------------+-------------------+-------+-------------+----------------+-------------+----------+----------------+----------+---------------+
* Slice Loads column represents load cell count of all cell types other than IO, GT and clock resources
** IO Loads column represents load cell count of IO types
*** Clocking Loads column represents load cell count that are clock resources (global clock buffer, MMCM, PLL, etc)
**** GT Loads column represents load cell count of GT types


+----+------+------+-----------------------+
|    | X0   | X1   | HORIZONTAL PROG DELAY |
+----+------+------+-----------------------+
| Y2 |    0 |    0 |                     - |
| Y1 |   33 |   14 |                     0 |
| Y0 |  105 |  123 |                     0 |
+----+------+------+-----------------------+


7. Device Cell Placement Summary for Global Clock g1
----------------------------------------------------

+-----------+-----------------+-------------------+-------+-------------+---------------+-------------+----------+----------------+----------+--------+
| Global Id | Driver Type/Pin | Driver Region (D) | Clock | Period (ns) | Waveform (ns) | Slice Loads | IO Loads | Clocking Loads | GT Loads | Net    |
+-----------+-----------------+-------------------+-------+-------------+---------------+-------------+----------+----------------+----------+--------+
| g1        | BUFG/O          | n/a               |       |             |               |          52 |        0 |              0 |        0 | i_e__0 |
+-----------+-----------------+-------------------+-------+-------------+---------------+-------------+----------+----------------+----------+--------+
* Slice Loads column represents load cell count of all cell types other than IO, GT and clock resources
** IO Loads column represents load cell count of IO types
*** Clocking Loads column represents load cell count that are clock resources (global clock buffer, MMCM, PLL, etc)
**** GT Loads column represents load cell count of GT types


+----+----+-----+-----------------------+
|    | X0 | X1  | HORIZONTAL PROG DELAY |
+----+----+-----+-----------------------+
| Y2 |  0 |   0 |                     - |
| Y1 |  0 |   0 |                     - |
| Y0 |  0 |  52 |                     0 |
+----+----+-----+-----------------------+


8. Device Cell Placement Summary for Global Clock g2
----------------------------------------------------

+-----------+-----------------+-------------------+-------+-------------+---------------+-------------+----------+----------------+----------+------------+
| Global Id | Driver Type/Pin | Driver Region (D) | Clock | Period (ns) | Waveform (ns) | Slice Loads | IO Loads | Clocking Loads | GT Loads | Net        |
+-----------+-----------------+-------------------+-------+-------------+---------------+-------------+----------+----------------+----------+------------+
| g2        | BUFG/O          | n/a               |       |             |               |          33 |        0 |              0 |        0 | o_exponent |
+-----------+-----------------+-------------------+-------+-------------+---------------+-------------+----------+----------------+----------+------------+
* Slice Loads column represents load cell count of all cell types other than IO, GT and clock resources
** IO Loads column represents load cell count of IO types
*** Clocking Loads column represents load cell count that are clock resources (global clock buffer, MMCM, PLL, etc)
**** GT Loads column represents load cell count of GT types


+----+----+-----+-----------------------+
|    | X0 | X1  | HORIZONTAL PROG DELAY |
+----+----+-----+-----------------------+
| Y2 |  0 |   0 |                     - |
| Y1 |  0 |  32 |                     0 |
| Y0 |  0 |   1 |                     0 |
+----+----+-----+-----------------------+


9. Device Cell Placement Summary for Global Clock g3
----------------------------------------------------

+-----------+-----------------+-------------------+-------+-------------+---------------+-------------+----------+----------------+----------+----------+
| Global Id | Driver Type/Pin | Driver Region (D) | Clock | Period (ns) | Waveform (ns) | Slice Loads | IO Loads | Clocking Loads | GT Loads | Net      |
+-----------+-----------------+-------------------+-------+-------------+---------------+-------------+----------+----------------+----------+----------+
| g3        | BUFG/O          | n/a               |       |             |               |          32 |        0 |              0 |        0 | i_e__0_5 |
+-----------+-----------------+-------------------+-------+-------------+---------------+-------------+----------+----------------+----------+----------+
* Slice Loads column represents load cell count of all cell types other than IO, GT and clock resources
** IO Loads column represents load cell count of IO types
*** Clocking Loads column represents load cell count that are clock resources (global clock buffer, MMCM, PLL, etc)
**** GT Loads column represents load cell count of GT types


+----+----+-----+-----------------------+
|    | X0 | X1  | HORIZONTAL PROG DELAY |
+----+----+-----+-----------------------+
| Y2 |  0 |   0 |                     - |
| Y1 |  0 |  32 |                     0 |
| Y0 |  0 |   0 |                     - |
+----+----+-----+-----------------------+


10. Device Cell Placement Summary for Global Clock g4
-----------------------------------------------------

+-----------+-----------------+-------------------+-------+-------------+---------------+-------------+----------+----------------+----------+-------------+
| Global Id | Driver Type/Pin | Driver Region (D) | Clock | Period (ns) | Waveform (ns) | Slice Loads | IO Loads | Clocking Loads | GT Loads | Net         |
+-----------+-----------------+-------------------+-------+-------------+---------------+-------------+----------+----------------+----------+-------------+
| g4        | BUFG/O          | n/a               |       |             |               |          32 |        0 |              0 |        0 | n_0_50_BUFG |
+-----------+-----------------+-------------------+-------+-------------+---------------+-------------+----------+----------------+----------+-------------+
* Slice Loads column represents load cell count of all cell types other than IO, GT and clock resources
** IO Loads column represents load cell count of IO types
*** Clocking Loads column represents load cell count that are clock resources (global clock buffer, MMCM, PLL, etc)
**** GT Loads column represents load cell count of GT types


+----+----+-----+-----------------------+
|    | X0 | X1  | HORIZONTAL PROG DELAY |
+----+----+-----+-----------------------+
| Y2 |  0 |   0 |                     - |
| Y1 |  0 |  32 |                     0 |
| Y0 |  0 |   0 |                     - |
+----+----+-----+-----------------------+


11. Device Cell Placement Summary for Global Clock g5
-----------------------------------------------------

+-----------+-----------------+-------------------+-------+-------------+---------------+-------------+----------+----------------+----------+---------------+
| Global Id | Driver Type/Pin | Driver Region (D) | Clock | Period (ns) | Waveform (ns) | Slice Loads | IO Loads | Clocking Loads | GT Loads | Net           |
+-----------+-----------------+-------------------+-------+-------------+---------------+-------------+----------+----------------+----------+---------------+
| g5        | BUFG/O          | n/a               |       |             |               |          32 |        0 |              0 |        0 | n_1_1844_BUFG |
+-----------+-----------------+-------------------+-------+-------------+---------------+-------------+----------+----------------+----------+---------------+
* Slice Loads column represents load cell count of all cell types other than IO, GT and clock resources
** IO Loads column represents load cell count of IO types
*** Clocking Loads column represents load cell count that are clock resources (global clock buffer, MMCM, PLL, etc)
**** GT Loads column represents load cell count of GT types


+----+-----+----+-----------------------+
|    | X0  | X1 | HORIZONTAL PROG DELAY |
+----+-----+----+-----------------------+
| Y2 |   0 |  0 |                     - |
| Y1 |  17 |  6 |                     0 |
| Y0 |   5 |  4 |                     0 |
+----+-----+----+-----------------------+


12. Device Cell Placement Summary for Global Clock g6
-----------------------------------------------------

+-----------+-----------------+-------------------+-------+-------------+---------------+-------------+----------+----------------+----------+-----------------------------------------------------+
| Global Id | Driver Type/Pin | Driver Region (D) | Clock | Period (ns) | Waveform (ns) | Slice Loads | IO Loads | Clocking Loads | GT Loads | Net                                                 |
+-----------+-----------------+-------------------+-------+-------------+---------------+-------------+----------+----------------+----------+-----------------------------------------------------+
| g6        | BUFG/O          | n/a               |       |             |               |          31 |        0 |              0 |        0 | multiplier/mul_normaliser/out_e_reg[7]_i_2_n_2_BUFG |
+-----------+-----------------+-------------------+-------+-------------+---------------+-------------+----------+----------------+----------+-----------------------------------------------------+
* Slice Loads column represents load cell count of all cell types other than IO, GT and clock resources
** IO Loads column represents load cell count of IO types
*** Clocking Loads column represents load cell count that are clock resources (global clock buffer, MMCM, PLL, etc)
**** GT Loads column represents load cell count of GT types


+----+----+-----+-----------------------+
|    | X0 | X1  | HORIZONTAL PROG DELAY |
+----+----+-----+-----------------------+
| Y2 |  0 |   0 |                     - |
| Y1 |  0 |   0 |                     - |
| Y0 |  0 |  31 |                     0 |
+----+----+-----+-----------------------+


13. Device Cell Placement Summary for Global Clock g7
-----------------------------------------------------

+-----------+-----------------+-------------------+-------+-------------+---------------+-------------+----------+----------------+----------+---------------------------------------------------------+
| Global Id | Driver Type/Pin | Driver Region (D) | Clock | Period (ns) | Waveform (ns) | Slice Loads | IO Loads | Clocking Loads | GT Loads | Net                                                     |
+-----------+-----------------+-------------------+-------+-------------+---------------+-------------+----------+----------------+----------+---------------------------------------------------------+
| g7        | BUFG/O          | n/a               |       |             |               |          30 |        0 |              0 |        0 | divider/add_div_normaliser/out_e_reg[7]_i_1__0_n_2_BUFG |
+-----------+-----------------+-------------------+-------+-------------+---------------+-------------+----------+----------------+----------+---------------------------------------------------------+
* Slice Loads column represents load cell count of all cell types other than IO, GT and clock resources
** IO Loads column represents load cell count of IO types
*** Clocking Loads column represents load cell count that are clock resources (global clock buffer, MMCM, PLL, etc)
**** GT Loads column represents load cell count of GT types


+----+-----+-----+-----------------------+
|    | X0  | X1  | HORIZONTAL PROG DELAY |
+----+-----+-----+-----------------------+
| Y2 |   0 |   0 |                     - |
| Y1 |   5 |  14 |                     0 |
| Y0 |  10 |   1 |                     0 |
+----+-----+-----+-----------------------+


14. Clock Region Cell Placement per Global Clock: Region X0Y0
-------------------------------------------------------------

+-----------+-------+-----------------+------------+-------------+-----------------+-----+-------------+------+-----+----+------+-----+---------+---------------------------------------------------------+
| Global Id | Track | Driver Type/Pin | Constraint | Clock Loads | Non-Clock Loads | FF  | Memory LUTs | RAMB | DSP | GT | MMCM | PLL | Hard IP | Net                                                     |
+-----------+-------+-----------------+------------+-------------+-----------------+-----+-------------+------+-----+----+------+-----+---------+---------------------------------------------------------+
| g0        | n/a   | BUFG/O          | None       |         105 |               0 | 105 |           0 |    0 |   0 |  0 |    0 |   0 |       0 | clk_IBUF_BUFG                                           |
| g5        | n/a   | BUFG/O          | None       |           5 |               0 |   0 |           0 |    0 |   0 |  0 |    0 |   0 |       0 | n_1_1844_BUFG                                           |
| g7        | n/a   | BUFG/O          | None       |          10 |               0 |   0 |           0 |    0 |   0 |  0 |    0 |   0 |       0 | divider/add_div_normaliser/out_e_reg[7]_i_1__0_n_2_BUFG |
+-----------+-------+-----------------+------------+-------------+-----------------+-----+-------------+------+-----+----+------+-----+---------+---------------------------------------------------------+
* Clock Loads column represents cell count of net connects that connect to a clock pin. Internal cell leaf pins are not considered
** Non-Clock Loads column represents cell count of non-clock pin loads
*** Columns FF, LUTRAM, RAMB through 'Hard IP' represents load cell counts


15. Clock Region Cell Placement per Global Clock: Region X1Y0
-------------------------------------------------------------

+-----------+-------+-----------------+------------+-------------+-----------------+-----+-------------+------+-----+----+------+-----+---------+---------------------------------------------------------+
| Global Id | Track | Driver Type/Pin | Constraint | Clock Loads | Non-Clock Loads | FF  | Memory LUTs | RAMB | DSP | GT | MMCM | PLL | Hard IP | Net                                                     |
+-----------+-------+-----------------+------------+-------------+-----------------+-----+-------------+------+-----+----+------+-----+---------+---------------------------------------------------------+
| g0        | n/a   | BUFG/O          | None       |         123 |               0 | 122 |           0 |    0 |   1 |  0 |    0 |   0 |       0 | clk_IBUF_BUFG                                           |
| g1        | n/a   | BUFG/O          | None       |          52 |               0 |   0 |           0 |    0 |   0 |  0 |    0 |   0 |       0 | i_e__0                                                  |
| g2        | n/a   | BUFG/O          | None       |           1 |               0 |   0 |           0 |    0 |   0 |  0 |    0 |   0 |       0 | o_exponent                                              |
| g5        | n/a   | BUFG/O          | None       |           4 |               0 |   0 |           0 |    0 |   0 |  0 |    0 |   0 |       0 | n_1_1844_BUFG                                           |
| g6        | n/a   | BUFG/O          | None       |          31 |               0 |   0 |           0 |    0 |   0 |  0 |    0 |   0 |       0 | multiplier/mul_normaliser/out_e_reg[7]_i_2_n_2_BUFG     |
| g7        | n/a   | BUFG/O          | None       |           1 |               0 |   0 |           0 |    0 |   0 |  0 |    0 |   0 |       0 | divider/add_div_normaliser/out_e_reg[7]_i_1__0_n_2_BUFG |
+-----------+-------+-----------------+------------+-------------+-----------------+-----+-------------+------+-----+----+------+-----+---------+---------------------------------------------------------+
* Clock Loads column represents cell count of net connects that connect to a clock pin. Internal cell leaf pins are not considered
** Non-Clock Loads column represents cell count of non-clock pin loads
*** Columns FF, LUTRAM, RAMB through 'Hard IP' represents load cell counts


16. Clock Region Cell Placement per Global Clock: Region X0Y1
-------------------------------------------------------------

+-----------+-------+-----------------+------------+-------------+-----------------+----+-------------+------+-----+----+------+-----+---------+---------------------------------------------------------+
| Global Id | Track | Driver Type/Pin | Constraint | Clock Loads | Non-Clock Loads | FF | Memory LUTs | RAMB | DSP | GT | MMCM | PLL | Hard IP | Net                                                     |
+-----------+-------+-----------------+------------+-------------+-----------------+----+-------------+------+-----+----+------+-----+---------+---------------------------------------------------------+
| g0        | n/a   | BUFG/O          | None       |          33 |               0 | 33 |           0 |    0 |   0 |  0 |    0 |   0 |       0 | clk_IBUF_BUFG                                           |
| g5        | n/a   | BUFG/O          | None       |          17 |               0 |  0 |           0 |    0 |   0 |  0 |    0 |   0 |       0 | n_1_1844_BUFG                                           |
| g7        | n/a   | BUFG/O          | None       |           5 |               0 |  0 |           0 |    0 |   0 |  0 |    0 |   0 |       0 | divider/add_div_normaliser/out_e_reg[7]_i_1__0_n_2_BUFG |
+-----------+-------+-----------------+------------+-------------+-----------------+----+-------------+------+-----+----+------+-----+---------+---------------------------------------------------------+
* Clock Loads column represents cell count of net connects that connect to a clock pin. Internal cell leaf pins are not considered
** Non-Clock Loads column represents cell count of non-clock pin loads
*** Columns FF, LUTRAM, RAMB through 'Hard IP' represents load cell counts


17. Clock Region Cell Placement per Global Clock: Region X1Y1
-------------------------------------------------------------

+-----------+-------+-----------------+------------+-------------+-----------------+----+-------------+------+-----+----+------+-----+---------+---------------------------------------------------------+
| Global Id | Track | Driver Type/Pin | Constraint | Clock Loads | Non-Clock Loads | FF | Memory LUTs | RAMB | DSP | GT | MMCM | PLL | Hard IP | Net                                                     |
+-----------+-------+-----------------+------------+-------------+-----------------+----+-------------+------+-----+----+------+-----+---------+---------------------------------------------------------+
| g0        | n/a   | BUFG/O          | None       |          14 |               0 | 14 |           0 |    0 |   0 |  0 |    0 |   0 |       0 | clk_IBUF_BUFG                                           |
| g2        | n/a   | BUFG/O          | None       |          32 |               0 |  0 |           0 |    0 |   0 |  0 |    0 |   0 |       0 | o_exponent                                              |
| g3        | n/a   | BUFG/O          | None       |          32 |               0 |  0 |           0 |    0 |   0 |  0 |    0 |   0 |       0 | i_e__0_5                                                |
| g4        | n/a   | BUFG/O          | None       |          32 |               0 |  0 |           0 |    0 |   0 |  0 |    0 |   0 |       0 | n_0_50_BUFG                                             |
| g5        | n/a   | BUFG/O          | None       |           6 |               0 |  0 |           0 |    0 |   0 |  0 |    0 |   0 |       0 | n_1_1844_BUFG                                           |
| g7        | n/a   | BUFG/O          | None       |          14 |               0 |  0 |           0 |    0 |   0 |  0 |    0 |   0 |       0 | divider/add_div_normaliser/out_e_reg[7]_i_1__0_n_2_BUFG |
+-----------+-------+-----------------+------------+-------------+-----------------+----+-------------+------+-----+----+------+-----+---------+---------------------------------------------------------+
* Clock Loads column represents cell count of net connects that connect to a clock pin. Internal cell leaf pins are not considered
** Non-Clock Loads column represents cell count of non-clock pin loads
*** Columns FF, LUTRAM, RAMB through 'Hard IP' represents load cell counts



# Location of BUFG Primitives 
set_property LOC BUFGCTRL_X0Y2 [get_cells o_mantissa_reg[24]_i_2]
set_property LOC BUFGCTRL_X0Y5 [get_cells n_1_1844_BUFG_inst]
set_property LOC BUFGCTRL_X0Y4 [get_cells n_0_50_BUFG_inst]
set_property LOC BUFGCTRL_X0Y6 [get_cells multiplier/mul_normaliser/out_e_reg[7]_i_2_n_2_BUFG_inst]
set_property LOC BUFGCTRL_X0Y3 [get_cells i_e_reg[7]_i_2__1]
set_property LOC BUFGCTRL_X0Y1 [get_cells i_e_reg[7]_i_2__0]
set_property LOC BUFGCTRL_X0Y7 [get_cells divider/add_div_normaliser/out_e_reg[7]_i_1__0_n_2_BUFG_inst]
set_property LOC BUFGCTRL_X0Y0 [get_cells clk_IBUF_BUFG_inst]

# Location of IO Primitives which is load of clock spine

# Location of clock ports
set_property LOC IOB_X0Y28 [get_ports clk]

# Clock net "o_exponent" driven by instance "o_mantissa_reg[24]_i_2" located at site "BUFGCTRL_X0Y2"
#startgroup
create_pblock {CLKAG_o_exponent}
add_cells_to_pblock [get_pblocks  {CLKAG_o_exponent}] [get_cells -filter { PRIMITIVE_GROUP != I/O && IS_PRIMITIVE==1 && PRIMITIVE_LEVEL !=INTERNAL } -of_object [get_pins -filter {DIRECTION==IN} -of_objects [get_nets -hierarchical -filter {PARENT=="o_exponent"}]]]
resize_pblock [get_pblocks {CLKAG_o_exponent}] -add {CLOCKREGION_X1Y0:CLOCKREGION_X1Y0 CLOCKREGION_X1Y1:CLOCKREGION_X1Y1}
#endgroup

# Clock net "n_1_1844_BUFG" driven by instance "n_1_1844_BUFG_inst" located at site "BUFGCTRL_X0Y5"
#startgroup
create_pblock {CLKAG_n_1_1844_BUFG}
add_cells_to_pblock [get_pblocks  {CLKAG_n_1_1844_BUFG}] [get_cells -filter { PRIMITIVE_GROUP != I/O && IS_PRIMITIVE==1 && PRIMITIVE_LEVEL !=INTERNAL } -of_object [get_pins -filter {DIRECTION==IN} -of_objects [get_nets -hierarchical -filter {PARENT=="n_1_1844_BUFG"}]]]
resize_pblock [get_pblocks {CLKAG_n_1_1844_BUFG}] -add {CLOCKREGION_X0Y0:CLOCKREGION_X0Y0 CLOCKREGION_X0Y1:CLOCKREGION_X0Y1 CLOCKREGION_X1Y0:CLOCKREGION_X1Y0 CLOCKREGION_X1Y1:CLOCKREGION_X1Y1}
#endgroup

# Clock net "n_0_50_BUFG" driven by instance "n_0_50_BUFG_inst" located at site "BUFGCTRL_X0Y4"
#startgroup
create_pblock {CLKAG_n_0_50_BUFG}
add_cells_to_pblock [get_pblocks  {CLKAG_n_0_50_BUFG}] [get_cells -filter { PRIMITIVE_GROUP != I/O && IS_PRIMITIVE==1 && PRIMITIVE_LEVEL !=INTERNAL } -of_object [get_pins -filter {DIRECTION==IN} -of_objects [get_nets -hierarchical -filter {PARENT=="n_0_50_BUFG"}]]]
resize_pblock [get_pblocks {CLKAG_n_0_50_BUFG}] -add {CLOCKREGION_X1Y1:CLOCKREGION_X1Y1}
#endgroup

# Clock net "multiplier/mul_normaliser/out_e_reg[7]_i_2_n_2_BUFG" driven by instance "multiplier/mul_normaliser/out_e_reg[7]_i_2_n_2_BUFG_inst" located at site "BUFGCTRL_X0Y6"
#startgroup
create_pblock {CLKAG_multiplier/mul_normaliser/out_e_reg[7]_i_2_n_2_BUFG}
add_cells_to_pblock [get_pblocks  {CLKAG_multiplier/mul_normaliser/out_e_reg[7]_i_2_n_2_BUFG}] [get_cells -filter { PRIMITIVE_GROUP != I/O && IS_PRIMITIVE==1 && PRIMITIVE_LEVEL !=INTERNAL } -of_object [get_pins -filter {DIRECTION==IN} -of_objects [get_nets -hierarchical -filter {PARENT=="multiplier/mul_normaliser/out_e_reg[7]_i_2_n_2_BUFG"}]]]
resize_pblock [get_pblocks {CLKAG_multiplier/mul_normaliser/out_e_reg[7]_i_2_n_2_BUFG}] -add {CLOCKREGION_X1Y0:CLOCKREGION_X1Y0}
#endgroup

# Clock net "i_e__0_5" driven by instance "i_e_reg[7]_i_2__1" located at site "BUFGCTRL_X0Y3"
#startgroup
create_pblock {CLKAG_i_e__0_5}
add_cells_to_pblock [get_pblocks  {CLKAG_i_e__0_5}] [get_cells -filter { PRIMITIVE_GROUP != I/O && IS_PRIMITIVE==1 && PRIMITIVE_LEVEL !=INTERNAL } -of_object [get_pins -filter {DIRECTION==IN} -of_objects [get_nets -hierarchical -filter {PARENT=="i_e__0_5"}]]]
resize_pblock [get_pblocks {CLKAG_i_e__0_5}] -add {CLOCKREGION_X1Y1:CLOCKREGION_X1Y1}
#endgroup

# Clock net "i_e__0" driven by instance "i_e_reg[7]_i_2__0" located at site "BUFGCTRL_X0Y1"
#startgroup
create_pblock {CLKAG_i_e__0}
add_cells_to_pblock [get_pblocks  {CLKAG_i_e__0}] [get_cells -filter { PRIMITIVE_GROUP != I/O && IS_PRIMITIVE==1 && PRIMITIVE_LEVEL !=INTERNAL } -of_object [get_pins -filter {DIRECTION==IN} -of_objects [get_nets -hierarchical -filter {PARENT=="i_e__0"}]]]
resize_pblock [get_pblocks {CLKAG_i_e__0}] -add {CLOCKREGION_X1Y0:CLOCKREGION_X1Y0}
#endgroup

# Clock net "divider/add_div_normaliser/out_e_reg[7]_i_1__0_n_2_BUFG" driven by instance "divider/add_div_normaliser/out_e_reg[7]_i_1__0_n_2_BUFG_inst" located at site "BUFGCTRL_X0Y7"
#startgroup
create_pblock {CLKAG_divider/add_div_normaliser/out_e_reg[7]_i_1__0_n_2_BUFG}
add_cells_to_pblock [get_pblocks  {CLKAG_divider/add_div_normaliser/out_e_reg[7]_i_1__0_n_2_BUFG}] [get_cells -filter { PRIMITIVE_GROUP != I/O && IS_PRIMITIVE==1 && PRIMITIVE_LEVEL !=INTERNAL } -of_object [get_pins -filter {DIRECTION==IN} -of_objects [get_nets -hierarchical -filter {PARENT=="divider/add_div_normaliser/out_e_reg[7]_i_1__0_n_2_BUFG"}]]]
resize_pblock [get_pblocks {CLKAG_divider/add_div_normaliser/out_e_reg[7]_i_1__0_n_2_BUFG}] -add {CLOCKREGION_X0Y0:CLOCKREGION_X0Y0 CLOCKREGION_X0Y1:CLOCKREGION_X0Y1 CLOCKREGION_X1Y0:CLOCKREGION_X1Y0 CLOCKREGION_X1Y1:CLOCKREGION_X1Y1}
#endgroup

# Clock net "clk_IBUF_BUFG" driven by instance "clk_IBUF_BUFG_inst" located at site "BUFGCTRL_X0Y0"
#startgroup
create_pblock {CLKAG_clk_IBUF_BUFG}
add_cells_to_pblock [get_pblocks  {CLKAG_clk_IBUF_BUFG}] [get_cells -filter { PRIMITIVE_GROUP != I/O && IS_PRIMITIVE==1 && PRIMITIVE_LEVEL !=INTERNAL } -of_object [get_pins -filter {DIRECTION==IN} -of_objects [get_nets -hierarchical -filter {PARENT=="clk_IBUF_BUFG"}]]]
resize_pblock [get_pblocks {CLKAG_clk_IBUF_BUFG}] -add {CLOCKREGION_X0Y0:CLOCKREGION_X0Y0 CLOCKREGION_X0Y1:CLOCKREGION_X0Y1 CLOCKREGION_X1Y0:CLOCKREGION_X1Y0 CLOCKREGION_X1Y1:CLOCKREGION_X1Y1}
#endgroup
