
*** Running vivado
    with args -log FPU.vdi -applog -m64 -product Vivado -messageDb vivado.pb -mode batch -source FPU.tcl -notrace



****** Vivado v2022.2 (64-bit)
  **** SW Build 3671981 on Fri Oct 14 05:00:03 MDT 2022
  **** IP Build 3669848 on Fri Oct 14 08:30:02 MDT 2022
    ** Copyright 1986-2022 Xilinx, Inc. All Rights Reserved.

source FPU.tcl -notrace
INFO: [IP_Flow 19-234] Refreshing IP repositories
WARNING: [IP_Flow 19-3685] Ignored loading user repository 'd:/Materiale pentru facultate/Anul 4/Semestrul 1/P3/ip_repo/FPU_IP_Slave_1.0'. The path is contained within another repository.
INFO: [IP_Flow 19-1700] Loaded user IP repository 'd:/Materiale pentru facultate/Anul 4/Semestrul 1/P3/ip_repo'.
INFO: [IP_Flow 19-2313] Loaded Vivado IP repository 'D:/Vivado/2022.2/data/ip'.
WARNING: [IP_Flow 19-4995] The host OS only allows 260 characters in a normal path. The IP cache path is more than 80 characters. If you experience issues with IP caching, please consider changing the IP cache to a location with a shorter path. Alternately consider using the OS subst command to map part of the path to a drive letter. 
Current IP cache path is D:/Materiale pentru facultate/Anul 4/Semestrul 1/P3/FPU/FPU.runs/impl_1/{D:/Materiale pentru facultate/Anul 4/Semestrul 1/P3/FPU/FPU.cache/ip} 
Command: link_design -top FPU -part xc7s50csga324-1
Design is defaulting to srcset: sources_1
Design is defaulting to constrset: constrs_1
INFO: [Device 21-403] Loading part xc7s50csga324-1
Netlist sorting complete. Time (s): cpu = 00:00:00 ; elapsed = 00:00:00.018 . Memory (MB): peak = 801.527 ; gain = 0.000
INFO: [Netlist 29-17] Analyzing 220 Unisim elements for replacement
INFO: [Netlist 29-28] Unisim Transformation completed in 0 CPU seconds
INFO: [Project 1-479] Netlist was created with Vivado 2022.2
INFO: [Project 1-570] Preparing netlist for logic optimization
Parsing XDC File [D:/Materiale pentru facultate/Anul 4/Semestrul 1/P3/FPU/FPU.srcs/constrs_1/new/Constraints_FPU.xdc]
Finished Parsing XDC File [D:/Materiale pentru facultate/Anul 4/Semestrul 1/P3/FPU/FPU.srcs/constrs_1/new/Constraints_FPU.xdc]
INFO: [Opt 31-138] Pushed 0 inverter(s) to 0 load pin(s).
Netlist sorting complete. Time (s): cpu = 00:00:00 ; elapsed = 00:00:00.001 . Memory (MB): peak = 933.836 ; gain = 0.000
INFO: [Project 1-111] Unisim Transformation Summary:
No Unisim elements were transformed.

10 Infos, 2 Warnings, 0 Critical Warnings and 0 Errors encountered.
link_design completed successfully
Command: opt_design
Attempting to get a license for feature 'Implementation' and/or device 'xc7s50'
INFO: [Common 17-349] Got license for feature 'Implementation' and/or device 'xc7s50'
Running DRC as a precondition to command opt_design

Starting DRC Task
INFO: [DRC 23-27] Running DRC with 2 threads
INFO: [Project 1-461] DRC finished with 0 Errors
INFO: [Project 1-462] Please refer to the DRC report (report_drc) for more information.

Time (s): cpu = 00:00:01 ; elapsed = 00:00:00.593 . Memory (MB): peak = 955.840 ; gain = 22.004

Starting Cache Timing Information Task
INFO: [Timing 38-35] Done setting XDC timing constraints.
Ending Cache Timing Information Task | Checksum: 1cd340ba2

Time (s): cpu = 00:00:04 ; elapsed = 00:00:05 . Memory (MB): peak = 1346.582 ; gain = 390.742

Starting Logic Optimization Task

Phase 1 Retarget
INFO: [Opt 31-1287] Pulled Inverter adder/i_e_reg[0]_i_1 into driver instance adder/o_exponent_reg[1]_i_3, which resulted in an inversion of 9 pins
INFO: [Opt 31-1287] Pulled Inverter divider/i_m_reg[23]_i_4 into driver instance divider/i_m_reg[22]_i_10, which resulted in an inversion of 24 pins
INFO: [Opt 31-1287] Pulled Inverter o_mantissa_reg[23]_i_34 into driver instance adder/o_sign_reg_i_31, which resulted in an inversion of 13 pins
INFO: [Opt 31-1287] Pulled Inverter o_mantissa_reg[23]_i_6 into driver instance adder/o_mantissa_reg[23]_i_15, which resulted in an inversion of 13 pins
INFO: [Opt 31-138] Pushed 0 inverter(s) to 0 load pin(s).
INFO: [Opt 31-49] Retargeted 0 cell(s).
Phase 1 Retarget | Checksum: 30e86850

Time (s): cpu = 00:00:00 ; elapsed = 00:00:00.144 . Memory (MB): peak = 1682.934 ; gain = 0.000
INFO: [Opt 31-389] Phase Retarget created 0 cells and removed 4 cells

Phase 2 Constant propagation
INFO: [Opt 31-138] Pushed 0 inverter(s) to 0 load pin(s).
Phase 2 Constant propagation | Checksum: 30e86850

Time (s): cpu = 00:00:00 ; elapsed = 00:00:00.156 . Memory (MB): peak = 1682.934 ; gain = 0.000
INFO: [Opt 31-389] Phase Constant propagation created 0 cells and removed 0 cells

Phase 3 Sweep
Phase 3 Sweep | Checksum: 109fc90c2

Time (s): cpu = 00:00:00 ; elapsed = 00:00:00.176 . Memory (MB): peak = 1682.934 ; gain = 0.000
INFO: [Opt 31-389] Phase Sweep created 0 cells and removed 0 cells

Phase 4 BUFG optimization
INFO: [Opt 31-194] Inserted BUFG multiplier/mul_normaliser/out_e_reg[7]_i_2_n_2_BUFG_inst to drive 31 load(s) on clock net multiplier/mul_normaliser/out_e_reg[7]_i_2_n_2_BUFG
INFO: [Opt 31-194] Inserted BUFG divider/add_div_normaliser/out_e_reg[7]_i_1__0_n_2_BUFG_inst to drive 30 load(s) on clock net divider/add_div_normaliser/out_e_reg[7]_i_1__0_n_2_BUFG
INFO: [Opt 31-193] Inserted 2 BUFG(s) on clock nets
Phase 4 BUFG optimization | Checksum: c7b5cd35

Time (s): cpu = 00:00:00 ; elapsed = 00:00:00.218 . Memory (MB): peak = 1682.934 ; gain = 0.000
INFO: [Opt 31-662] Phase BUFG optimization created 2 cells of which 2 are BUFGs and removed 0 cells.

Phase 5 Shift Register Optimization
INFO: [Opt 31-1064] SRL Remap converted 0 SRLs to 0 registers and converted 0 registers of register chains to 0 SRLs
Phase 5 Shift Register Optimization | Checksum: c7b5cd35

Time (s): cpu = 00:00:00 ; elapsed = 00:00:00.220 . Memory (MB): peak = 1682.934 ; gain = 0.000
INFO: [Opt 31-389] Phase Shift Register Optimization created 0 cells and removed 0 cells

Phase 6 Post Processing Netlist
Phase 6 Post Processing Netlist | Checksum: c7b5cd35

Time (s): cpu = 00:00:00 ; elapsed = 00:00:00.224 . Memory (MB): peak = 1682.934 ; gain = 0.000
INFO: [Opt 31-389] Phase Post Processing Netlist created 0 cells and removed 0 cells
Opt_design Change Summary
=========================


-------------------------------------------------------------------------------------------------------------------------
|  Phase                        |  #Cells created  |  #Cells Removed  |  #Constrained objects preventing optimizations  |
-------------------------------------------------------------------------------------------------------------------------
|  Retarget                     |               0  |               4  |                                              0  |
|  Constant propagation         |               0  |               0  |                                              0  |
|  Sweep                        |               0  |               0  |                                              0  |
|  BUFG optimization            |               2  |               0  |                                              0  |
|  Shift Register Optimization  |               0  |               0  |                                              0  |
|  Post Processing Netlist      |               0  |               0  |                                              0  |
-------------------------------------------------------------------------------------------------------------------------



Starting Connectivity Check Task

Time (s): cpu = 00:00:00 ; elapsed = 00:00:00.002 . Memory (MB): peak = 1682.934 ; gain = 0.000
Ending Logic Optimization Task | Checksum: 124a078ad

Time (s): cpu = 00:00:00 ; elapsed = 00:00:00.283 . Memory (MB): peak = 1682.934 ; gain = 0.000

Starting Power Optimization Task
INFO: [Pwropt 34-132] Skipping clock gating for clocks with a period < 2.00 ns.
Ending Power Optimization Task | Checksum: 124a078ad

Time (s): cpu = 00:00:00 ; elapsed = 00:00:00.006 . Memory (MB): peak = 1682.934 ; gain = 0.000

Starting Final Cleanup Task
Ending Final Cleanup Task | Checksum: 124a078ad

Time (s): cpu = 00:00:00 ; elapsed = 00:00:00 . Memory (MB): peak = 1682.934 ; gain = 0.000

Starting Netlist Obfuscation Task
Netlist sorting complete. Time (s): cpu = 00:00:00 ; elapsed = 00:00:00.001 . Memory (MB): peak = 1682.934 ; gain = 0.000
Ending Netlist Obfuscation Task | Checksum: 124a078ad

Time (s): cpu = 00:00:00 ; elapsed = 00:00:00.001 . Memory (MB): peak = 1682.934 ; gain = 0.000
INFO: [Common 17-83] Releasing license: Implementation
34 Infos, 2 Warnings, 0 Critical Warnings and 0 Errors encountered.
opt_design completed successfully
opt_design: Time (s): cpu = 00:00:07 ; elapsed = 00:00:07 . Memory (MB): peak = 1682.934 ; gain = 749.098
INFO: [Timing 38-480] Writing timing data to binary archive.
INFO: [Common 17-1381] The checkpoint 'D:/Materiale pentru facultate/Anul 4/Semestrul 1/P3/FPU/FPU.runs/impl_1/FPU_opt.dcp' has been generated.
INFO: [runtcl-4] Executing : report_drc -file FPU_drc_opted.rpt -pb FPU_drc_opted.pb -rpx FPU_drc_opted.rpx
Command: report_drc -file FPU_drc_opted.rpt -pb FPU_drc_opted.pb -rpx FPU_drc_opted.rpx
INFO: [IP_Flow 19-1839] IP Catalog is up to date.
INFO: [DRC 23-27] Running DRC with 2 threads
INFO: [Vivado_Tcl 2-168] The results of DRC are in file D:/Materiale pentru facultate/Anul 4/Semestrul 1/P3/FPU/FPU.runs/impl_1/FPU_drc_opted.rpt.
report_drc completed successfully
Command: place_design
Attempting to get a license for feature 'Implementation' and/or device 'xc7s50'
INFO: [Common 17-349] Got license for feature 'Implementation' and/or device 'xc7s50'
INFO: [DRC 23-27] Running DRC with 2 threads
INFO: [Vivado_Tcl 4-198] DRC finished with 0 Errors
INFO: [Vivado_Tcl 4-199] Please refer to the DRC report (report_drc) for more information.
Running DRC as a precondition to command place_design
INFO: [DRC 23-27] Running DRC with 2 threads
INFO: [Vivado_Tcl 4-198] DRC finished with 0 Errors
INFO: [Vivado_Tcl 4-199] Please refer to the DRC report (report_drc) for more information.

Starting Placer Task
INFO: [Place 30-611] Multithreading enabled for place_design using a maximum of 2 CPUs

Phase 1 Placer Initialization

Phase 1.1 Placer Initialization Netlist Sorting
Netlist sorting complete. Time (s): cpu = 00:00:00 ; elapsed = 00:00:00 . Memory (MB): peak = 1682.934 ; gain = 0.000
Phase 1.1 Placer Initialization Netlist Sorting | Checksum: f5974586

Time (s): cpu = 00:00:00 ; elapsed = 00:00:00.004 . Memory (MB): peak = 1682.934 ; gain = 0.000
Netlist sorting complete. Time (s): cpu = 00:00:00 ; elapsed = 00:00:00 . Memory (MB): peak = 1682.934 ; gain = 0.000

Phase 1.2 IO Placement/ Clock Placement/ Build Placer Device
INFO: [Timing 38-35] Done setting XDC timing constraints.
Phase 1.2 IO Placement/ Clock Placement/ Build Placer Device | Checksum: 112b86160

Time (s): cpu = 00:00:01 ; elapsed = 00:00:00.724 . Memory (MB): peak = 1682.934 ; gain = 0.000

Phase 1.3 Build Placer Netlist Model
Phase 1.3 Build Placer Netlist Model | Checksum: 14c39a2a6

Time (s): cpu = 00:00:02 ; elapsed = 00:00:01 . Memory (MB): peak = 1682.934 ; gain = 0.000

Phase 1.4 Constrain Clocks/Macros
Phase 1.4 Constrain Clocks/Macros | Checksum: 14c39a2a6

Time (s): cpu = 00:00:02 ; elapsed = 00:00:01 . Memory (MB): peak = 1682.934 ; gain = 0.000
Phase 1 Placer Initialization | Checksum: 14c39a2a6

Time (s): cpu = 00:00:02 ; elapsed = 00:00:01 . Memory (MB): peak = 1682.934 ; gain = 0.000

Phase 2 Global Placement

Phase 2.1 Floorplanning
Phase 2.1 Floorplanning | Checksum: 1e9899e52

Time (s): cpu = 00:00:02 ; elapsed = 00:00:01 . Memory (MB): peak = 1682.934 ; gain = 0.000

Phase 2.2 Update Timing before SLR Path Opt
Phase 2.2 Update Timing before SLR Path Opt | Checksum: 1ba018e13

Time (s): cpu = 00:00:02 ; elapsed = 00:00:01 . Memory (MB): peak = 1682.934 ; gain = 0.000

Phase 2.3 Post-Processing in Floorplanning
Phase 2.3 Post-Processing in Floorplanning | Checksum: 1ba018e13

Time (s): cpu = 00:00:02 ; elapsed = 00:00:01 . Memory (MB): peak = 1682.934 ; gain = 0.000

Phase 2.4 Global Placement Core

Phase 2.4.1 UpdateTiming Before Physical Synthesis
Phase 2.4.1 UpdateTiming Before Physical Synthesis | Checksum: 12b6a14e7

Time (s): cpu = 00:00:06 ; elapsed = 00:00:03 . Memory (MB): peak = 1682.934 ; gain = 0.000

Phase 2.4.2 Physical Synthesis In Placer
INFO: [Physopt 32-1035] Found 0 LUTNM shape to break, 29 LUT instances to create LUTNM shape
INFO: [Physopt 32-1044] Break lutnm for timing: one critical 0, two critical 0, total 0, new lutff created 0
INFO: [Physopt 32-1138] End 1 Pass. Optimized 9 nets or LUTs. Breaked 0 LUT, combined 9 existing LUTs and moved 0 existing LUT
INFO: [Physopt 32-65] No nets found for high-fanout optimization.
INFO: [Physopt 32-232] Optimized 0 net. Created 0 new instance.
INFO: [Physopt 32-775] End 1 Pass. Optimized 0 net or cell. Created 0 new cell, deleted 0 existing cell and moved 0 existing cell
INFO: [Physopt 32-670] No setup violation found.  DSP Register Optimization was not performed.
INFO: [Physopt 32-670] No setup violation found.  Shift Register to Pipeline Optimization was not performed.
INFO: [Physopt 32-670] No setup violation found.  Shift Register Optimization was not performed.
INFO: [Physopt 32-670] No setup violation found.  BRAM Register Optimization was not performed.
INFO: [Physopt 32-670] No setup violation found.  URAM Register Optimization was not performed.
INFO: [Physopt 32-949] No candidate nets found for dynamic/static region interface net replication
INFO: [Physopt 32-775] End 1 Pass. Optimized 0 net or cell. Created 0 new cell, deleted 0 existing cell and moved 0 existing cell
Netlist sorting complete. Time (s): cpu = 00:00:00 ; elapsed = 00:00:00 . Memory (MB): peak = 1682.934 ; gain = 0.000

Summary of Physical Synthesis Optimizations
============================================


-----------------------------------------------------------------------------------------------------------------------------------------------------------
|  Optimization                                     |  Added Cells  |  Removed Cells  |  Optimized Cells/Nets  |  Dont Touch  |  Iterations  |  Elapsed   |
-----------------------------------------------------------------------------------------------------------------------------------------------------------
|  LUT Combining                                    |            0  |              9  |                     9  |           0  |           1  |  00:00:00  |
|  Retime                                           |            0  |              0  |                     0  |           0  |           1  |  00:00:00  |
|  Very High Fanout                                 |            0  |              0  |                     0  |           0  |           1  |  00:00:00  |
|  DSP Register                                     |            0  |              0  |                     0  |           0  |           0  |  00:00:00  |
|  Shift Register to Pipeline                       |            0  |              0  |                     0  |           0  |           0  |  00:00:00  |
|  Shift Register                                   |            0  |              0  |                     0  |           0  |           0  |  00:00:00  |
|  BRAM Register                                    |            0  |              0  |                     0  |           0  |           0  |  00:00:00  |
|  URAM Register                                    |            0  |              0  |                     0  |           0  |           0  |  00:00:00  |
|  Dynamic/Static Region Interface Net Replication  |            0  |              0  |                     0  |           0  |           1  |  00:00:00  |
|  Total                                            |            0  |              9  |                     9  |           0  |           4  |  00:00:00  |
-----------------------------------------------------------------------------------------------------------------------------------------------------------


Phase 2.4.2 Physical Synthesis In Placer | Checksum: 1bda94e33

Time (s): cpu = 00:00:07 ; elapsed = 00:00:04 . Memory (MB): peak = 1682.934 ; gain = 0.000
Phase 2.4 Global Placement Core | Checksum: 1a20917d4

Time (s): cpu = 00:00:07 ; elapsed = 00:00:04 . Memory (MB): peak = 1682.934 ; gain = 0.000
Phase 2 Global Placement | Checksum: 1a20917d4

Time (s): cpu = 00:00:07 ; elapsed = 00:00:04 . Memory (MB): peak = 1682.934 ; gain = 0.000

Phase 3 Detail Placement

Phase 3.1 Commit Multi Column Macros
Phase 3.1 Commit Multi Column Macros | Checksum: 1f5412bfb

Time (s): cpu = 00:00:07 ; elapsed = 00:00:04 . Memory (MB): peak = 1682.934 ; gain = 0.000

Phase 3.2 Commit Most Macros & LUTRAMs
Phase 3.2 Commit Most Macros & LUTRAMs | Checksum: 1a98cdb5b

Time (s): cpu = 00:00:07 ; elapsed = 00:00:04 . Memory (MB): peak = 1682.934 ; gain = 0.000

Phase 3.3 Area Swap Optimization
Phase 3.3 Area Swap Optimization | Checksum: 1acc3cbe6

Time (s): cpu = 00:00:07 ; elapsed = 00:00:04 . Memory (MB): peak = 1682.934 ; gain = 0.000

Phase 3.4 Pipeline Register Optimization
Phase 3.4 Pipeline Register Optimization | Checksum: 10d51579a

Time (s): cpu = 00:00:07 ; elapsed = 00:00:04 . Memory (MB): peak = 1682.934 ; gain = 0.000

Phase 3.5 Small Shape Detail Placement
Phase 3.5 Small Shape Detail Placement | Checksum: 1d33e4f6f

Time (s): cpu = 00:00:08 ; elapsed = 00:00:04 . Memory (MB): peak = 1682.934 ; gain = 0.000

Phase 3.6 Re-assign LUT pins
Phase 3.6 Re-assign LUT pins | Checksum: 2b508721d

Time (s): cpu = 00:00:08 ; elapsed = 00:00:04 . Memory (MB): peak = 1682.934 ; gain = 0.000

Phase 3.7 Pipeline Register Optimization
Phase 3.7 Pipeline Register Optimization | Checksum: 255baec91

Time (s): cpu = 00:00:08 ; elapsed = 00:00:04 . Memory (MB): peak = 1682.934 ; gain = 0.000
Phase 3 Detail Placement | Checksum: 255baec91

Time (s): cpu = 00:00:08 ; elapsed = 00:00:04 . Memory (MB): peak = 1682.934 ; gain = 0.000

Phase 4 Post Placement Optimization and Clean-Up

Phase 4.1 Post Commit Optimization
INFO: [Timing 38-35] Done setting XDC timing constraints.

Phase 4.1.1 Post Placement Optimization
Post Placement Optimization Initialization | Checksum: 25300103c

Phase 4.1.1.1 BUFG Insertion

Starting Physical Synthesis Task

Phase 1 Physical Synthesis Initialization
INFO: [Physopt 32-721] Multithreading enabled for phys_opt_design using a maximum of 2 CPUs
INFO: [Physopt 32-619] Estimated Timing Summary | WNS=21.055 | TNS=0.000 |
Phase 1 Physical Synthesis Initialization | Checksum: 19f3faa59

Time (s): cpu = 00:00:00 ; elapsed = 00:00:00.062 . Memory (MB): peak = 1693.379 ; gain = 0.000
INFO: [Place 46-56] BUFG insertion identified 0 candidate nets. Inserted BUFG: 0, Replicated BUFG Driver: 0, Skipped due to Placement/Routing Conflicts: 0, Skipped due to Timing Degradation: 0, Skipped due to Illegal Netlist: 0.
Ending Physical Synthesis Task | Checksum: 19d9285fd

Time (s): cpu = 00:00:00 ; elapsed = 00:00:00.071 . Memory (MB): peak = 1693.379 ; gain = 0.000
Phase 4.1.1.1 BUFG Insertion | Checksum: 25300103c

Time (s): cpu = 00:00:08 ; elapsed = 00:00:05 . Memory (MB): peak = 1693.379 ; gain = 10.445

Phase 4.1.1.2 Post Placement Timing Optimization
INFO: [Place 30-746] Post Placement Timing Summary WNS=21.055. For the most accurate timing information please run report_timing.
Phase 4.1.1.2 Post Placement Timing Optimization | Checksum: 1a786e64c

Time (s): cpu = 00:00:08 ; elapsed = 00:00:05 . Memory (MB): peak = 1693.379 ; gain = 10.445

Time (s): cpu = 00:00:08 ; elapsed = 00:00:05 . Memory (MB): peak = 1693.379 ; gain = 10.445
Phase 4.1 Post Commit Optimization | Checksum: 1a786e64c

Time (s): cpu = 00:00:08 ; elapsed = 00:00:05 . Memory (MB): peak = 1693.379 ; gain = 10.445

Phase 4.2 Post Placement Cleanup
Phase 4.2 Post Placement Cleanup | Checksum: 1a786e64c

Time (s): cpu = 00:00:08 ; elapsed = 00:00:05 . Memory (MB): peak = 1693.379 ; gain = 10.445

Phase 4.3 Placer Reporting

Phase 4.3.1 Print Estimated Congestion
INFO: [Place 30-612] Post-Placement Estimated Congestion 
 ____________________________________________________
|           | Global Congestion | Short Congestion  |
| Direction | Region Size       | Region Size       |
|___________|___________________|___________________|
|      North|                1x1|                1x1|
|___________|___________________|___________________|
|      South|                1x1|                1x1|
|___________|___________________|___________________|
|       East|                1x1|                1x1|
|___________|___________________|___________________|
|       West|                1x1|                1x1|
|___________|___________________|___________________|

Phase 4.3.1 Print Estimated Congestion | Checksum: 1a786e64c

Time (s): cpu = 00:00:08 ; elapsed = 00:00:05 . Memory (MB): peak = 1693.379 ; gain = 10.445
Phase 4.3 Placer Reporting | Checksum: 1a786e64c

Time (s): cpu = 00:00:08 ; elapsed = 00:00:05 . Memory (MB): peak = 1693.379 ; gain = 10.445

Phase 4.4 Final Placement Cleanup
Netlist sorting complete. Time (s): cpu = 00:00:00 ; elapsed = 00:00:00 . Memory (MB): peak = 1693.379 ; gain = 0.000

Time (s): cpu = 00:00:08 ; elapsed = 00:00:05 . Memory (MB): peak = 1693.379 ; gain = 10.445
Phase 4 Post Placement Optimization and Clean-Up | Checksum: 1e7ea0df9

Time (s): cpu = 00:00:08 ; elapsed = 00:00:05 . Memory (MB): peak = 1693.379 ; gain = 10.445
Ending Placer Task | Checksum: 1aeec7a83

Time (s): cpu = 00:00:08 ; elapsed = 00:00:05 . Memory (MB): peak = 1693.379 ; gain = 10.445
INFO: [Common 17-83] Releasing license: Implementation
69 Infos, 2 Warnings, 0 Critical Warnings and 0 Errors encountered.
place_design completed successfully
place_design: Time (s): cpu = 00:00:09 ; elapsed = 00:00:05 . Memory (MB): peak = 1693.379 ; gain = 10.445
INFO: [Timing 38-480] Writing timing data to binary archive.
Writing XDEF routing.
Writing XDEF routing logical nets.
Writing XDEF routing special nets.
Write XDEF Complete: Time (s): cpu = 00:00:01 ; elapsed = 00:00:00.169 . Memory (MB): peak = 1693.418 ; gain = 0.039
INFO: [Common 17-1381] The checkpoint 'D:/Materiale pentru facultate/Anul 4/Semestrul 1/P3/FPU/FPU.runs/impl_1/FPU_placed.dcp' has been generated.
INFO: [runtcl-4] Executing : report_io -file FPU_io_placed.rpt
report_io: Time (s): cpu = 00:00:00 ; elapsed = 00:00:00.044 . Memory (MB): peak = 1693.418 ; gain = 0.000
INFO: [runtcl-4] Executing : report_utilization -file FPU_utilization_placed.rpt -pb FPU_utilization_placed.pb
INFO: [runtcl-4] Executing : report_control_sets -verbose -file FPU_control_sets_placed.rpt
report_control_sets: Time (s): cpu = 00:00:00 ; elapsed = 00:00:00.002 . Memory (MB): peak = 1693.418 ; gain = 0.000
Command: phys_opt_design
Attempting to get a license for feature 'Implementation' and/or device 'xc7s50'
INFO: [Common 17-349] Got license for feature 'Implementation' and/or device 'xc7s50'

Starting Initial Update Timing Task

Time (s): cpu = 00:00:01 ; elapsed = 00:00:00.195 . Memory (MB): peak = 1693.418 ; gain = 0.000
INFO: [Vivado_Tcl 4-383] Design worst setup slack (WNS) is greater than or equal to 0.000 ns. Skipping all physical synthesis optimizations.
INFO: [Vivado_Tcl 4-232] No setup violation found. The netlist was not modified.
INFO: [Common 17-83] Releasing license: Implementation
78 Infos, 2 Warnings, 0 Critical Warnings and 0 Errors encountered.
phys_opt_design completed successfully
INFO: [Timing 38-480] Writing timing data to binary archive.
Writing XDEF routing.
Writing XDEF routing logical nets.
Writing XDEF routing special nets.
Write XDEF Complete: Time (s): cpu = 00:00:00 ; elapsed = 00:00:00.140 . Memory (MB): peak = 1705.164 ; gain = 11.746
INFO: [Common 17-1381] The checkpoint 'D:/Materiale pentru facultate/Anul 4/Semestrul 1/P3/FPU/FPU.runs/impl_1/FPU_physopt.dcp' has been generated.
Command: route_design
Attempting to get a license for feature 'Implementation' and/or device 'xc7s50'
INFO: [Common 17-349] Got license for feature 'Implementation' and/or device 'xc7s50'
Running DRC as a precondition to command route_design
INFO: [DRC 23-27] Running DRC with 2 threads
INFO: [Vivado_Tcl 4-198] DRC finished with 0 Errors
INFO: [Vivado_Tcl 4-199] Please refer to the DRC report (report_drc) for more information.


Starting Routing Task
INFO: [Route 35-254] Multithreading enabled for route_design using a maximum of 2 CPUs

Phase 1 Build RT Design
Checksum: PlaceDB: e2c9990a ConstDB: 0 ShapeSum: cc22e179 RouteDB: 0
Post Restoration Checksum: NetGraph: 821ba68f NumContArr: 5d5efd37 Constraints: 0 Timing: 0
Phase 1 Build RT Design | Checksum: df7aa3c6

Time (s): cpu = 00:00:14 ; elapsed = 00:00:12 . Memory (MB): peak = 1789.590 ; gain = 74.348

Phase 2 Router Initialization

Phase 2.1 Fix Topology Constraints
Phase 2.1 Fix Topology Constraints | Checksum: df7aa3c6

Time (s): cpu = 00:00:14 ; elapsed = 00:00:12 . Memory (MB): peak = 1795.621 ; gain = 80.379

Phase 2.2 Pre Route Cleanup
Phase 2.2 Pre Route Cleanup | Checksum: df7aa3c6

Time (s): cpu = 00:00:14 ; elapsed = 00:00:12 . Memory (MB): peak = 1795.621 ; gain = 80.379
 Number of Nodes with overlaps = 0

Phase 2.3 Update Timing
Phase 2.3 Update Timing | Checksum: 11e47a4eb

Time (s): cpu = 00:00:16 ; elapsed = 00:00:13 . Memory (MB): peak = 1804.816 ; gain = 89.574
INFO: [Route 35-416] Intermediate Timing Summary | WNS=23.226 | TNS=0.000  | WHS=-0.082 | THS=-0.846 |


Router Utilization Summary
  Global Vertical Routing Utilization    = 0.173244 %
  Global Horizontal Routing Utilization  = 0.197423 %
  Routable Net Status*
  *Does not include unroutable nets such as driverless and loadless.
  Run report_route_status for detailed report.
  Number of Failed Nets               = 2233
    (Failed Nets is the sum of unrouted and partially routed nets)
  Number of Unrouted Nets             = 2115
  Number of Partially Routed Nets     = 118
  Number of Node Overlaps             = 1156

Phase 2 Router Initialization | Checksum: 1dfec757b

Time (s): cpu = 00:00:16 ; elapsed = 00:00:14 . Memory (MB): peak = 1814.555 ; gain = 99.312

Phase 3 Initial Routing

Phase 3.1 Global Routing
Phase 3.1 Global Routing | Checksum: 1dfec757b

Time (s): cpu = 00:00:16 ; elapsed = 00:00:14 . Memory (MB): peak = 1814.555 ; gain = 99.312
Phase 3 Initial Routing | Checksum: 1cdde4513

Time (s): cpu = 00:00:16 ; elapsed = 00:00:14 . Memory (MB): peak = 1814.555 ; gain = 99.312

Phase 4 Rip-up And Reroute

Phase 4.1 Global Iteration 0
 Number of Nodes with overlaps = 216
 Number of Nodes with overlaps = 0
INFO: [Route 35-416] Intermediate Timing Summary | WNS=15.949 | TNS=0.000  | WHS=N/A    | THS=N/A    |

Phase 4.1 Global Iteration 0 | Checksum: 186fc7994

Time (s): cpu = 00:00:17 ; elapsed = 00:00:15 . Memory (MB): peak = 1814.555 ; gain = 99.312
Phase 4 Rip-up And Reroute | Checksum: 186fc7994

Time (s): cpu = 00:00:17 ; elapsed = 00:00:15 . Memory (MB): peak = 1814.555 ; gain = 99.312

Phase 5 Delay and Skew Optimization

Phase 5.1 Delay CleanUp
Phase 5.1 Delay CleanUp | Checksum: 186fc7994

Time (s): cpu = 00:00:17 ; elapsed = 00:00:15 . Memory (MB): peak = 1814.555 ; gain = 99.312

Phase 5.2 Clock Skew Optimization
Phase 5.2 Clock Skew Optimization | Checksum: 186fc7994

Time (s): cpu = 00:00:17 ; elapsed = 00:00:15 . Memory (MB): peak = 1814.555 ; gain = 99.312
Phase 5 Delay and Skew Optimization | Checksum: 186fc7994

Time (s): cpu = 00:00:17 ; elapsed = 00:00:15 . Memory (MB): peak = 1814.555 ; gain = 99.312

Phase 6 Post Hold Fix

Phase 6.1 Hold Fix Iter

Phase 6.1.1 Update Timing
Phase 6.1.1 Update Timing | Checksum: 10bd88f2f

Time (s): cpu = 00:00:17 ; elapsed = 00:00:15 . Memory (MB): peak = 1814.555 ; gain = 99.312
INFO: [Route 35-416] Intermediate Timing Summary | WNS=15.949 | TNS=0.000  | WHS=0.069  | THS=0.000  |

Phase 6.1 Hold Fix Iter | Checksum: 10bd88f2f

Time (s): cpu = 00:00:17 ; elapsed = 00:00:15 . Memory (MB): peak = 1814.555 ; gain = 99.312
Phase 6 Post Hold Fix | Checksum: 10bd88f2f

Time (s): cpu = 00:00:17 ; elapsed = 00:00:15 . Memory (MB): peak = 1814.555 ; gain = 99.312

Phase 7 Route finalize

Router Utilization Summary
  Global Vertical Routing Utilization    = 1.00973 %
  Global Horizontal Routing Utilization  = 1.19118 %
  Routable Net Status*
  *Does not include unroutable nets such as driverless and loadless.
  Run report_route_status for detailed report.
  Number of Failed Nets               = 0
    (Failed Nets is the sum of unrouted and partially routed nets)
  Number of Unrouted Nets             = 0
  Number of Partially Routed Nets     = 0
  Number of Node Overlaps             = 0

Phase 7 Route finalize | Checksum: 19ad7faf3

Time (s): cpu = 00:00:17 ; elapsed = 00:00:15 . Memory (MB): peak = 1814.555 ; gain = 99.312

Phase 8 Verifying routed nets

 Verification completed successfully
Phase 8 Verifying routed nets | Checksum: 19ad7faf3

Time (s): cpu = 00:00:17 ; elapsed = 00:00:15 . Memory (MB): peak = 1815.234 ; gain = 99.992

Phase 9 Depositing Routes
Phase 9 Depositing Routes | Checksum: 213924608

Time (s): cpu = 00:00:18 ; elapsed = 00:00:15 . Memory (MB): peak = 1815.234 ; gain = 99.992

Phase 10 Post Router Timing
INFO: [Route 35-57] Estimated Timing Summary | WNS=15.949 | TNS=0.000  | WHS=0.069  | THS=0.000  |

INFO: [Route 35-327] The final timing numbers are based on the router estimated timing analysis. For a complete and accurate timing signoff, please run report_timing_summary.
Phase 10 Post Router Timing | Checksum: 213924608

Time (s): cpu = 00:00:18 ; elapsed = 00:00:15 . Memory (MB): peak = 1815.234 ; gain = 99.992
INFO: [Route 35-16] Router Completed Successfully

Time (s): cpu = 00:00:18 ; elapsed = 00:00:15 . Memory (MB): peak = 1815.234 ; gain = 99.992

Routing Is Done.
INFO: [Common 17-83] Releasing license: Implementation
92 Infos, 2 Warnings, 0 Critical Warnings and 0 Errors encountered.
route_design completed successfully
route_design: Time (s): cpu = 00:00:19 ; elapsed = 00:00:16 . Memory (MB): peak = 1815.234 ; gain = 110.070
INFO: [Timing 38-480] Writing timing data to binary archive.
Writing XDEF routing.
Writing XDEF routing logical nets.
Writing XDEF routing special nets.
Write XDEF Complete: Time (s): cpu = 00:00:00 ; elapsed = 00:00:00.172 . Memory (MB): peak = 1828.023 ; gain = 12.789
INFO: [Common 17-1381] The checkpoint 'D:/Materiale pentru facultate/Anul 4/Semestrul 1/P3/FPU/FPU.runs/impl_1/FPU_routed.dcp' has been generated.
INFO: [runtcl-4] Executing : report_drc -file FPU_drc_routed.rpt -pb FPU_drc_routed.pb -rpx FPU_drc_routed.rpx
Command: report_drc -file FPU_drc_routed.rpt -pb FPU_drc_routed.pb -rpx FPU_drc_routed.rpx
INFO: [IP_Flow 19-1839] IP Catalog is up to date.
INFO: [DRC 23-27] Running DRC with 2 threads
INFO: [Vivado_Tcl 2-168] The results of DRC are in file D:/Materiale pentru facultate/Anul 4/Semestrul 1/P3/FPU/FPU.runs/impl_1/FPU_drc_routed.rpt.
report_drc completed successfully
INFO: [runtcl-4] Executing : report_methodology -file FPU_methodology_drc_routed.rpt -pb FPU_methodology_drc_routed.pb -rpx FPU_methodology_drc_routed.rpx
Command: report_methodology -file FPU_methodology_drc_routed.rpt -pb FPU_methodology_drc_routed.pb -rpx FPU_methodology_drc_routed.rpx
INFO: [Timing 38-35] Done setting XDC timing constraints.
INFO: [DRC 23-133] Running Methodology with 2 threads
INFO: [Vivado_Tcl 2-1520] The results of Report Methodology are in file D:/Materiale pentru facultate/Anul 4/Semestrul 1/P3/FPU/FPU.runs/impl_1/FPU_methodology_drc_routed.rpt.
report_methodology completed successfully
INFO: [runtcl-4] Executing : report_power -file FPU_power_routed.rpt -pb FPU_power_summary_routed.pb -rpx FPU_power_routed.rpx
Command: report_power -file FPU_power_routed.rpt -pb FPU_power_summary_routed.pb -rpx FPU_power_routed.rpx
INFO: [Timing 38-35] Done setting XDC timing constraints.
Running Vector-less Activity Propagation...

Finished Running Vector-less Activity Propagation
104 Infos, 2 Warnings, 0 Critical Warnings and 0 Errors encountered.
report_power completed successfully
INFO: [runtcl-4] Executing : report_route_status -file FPU_route_status.rpt -pb FPU_route_status.pb
INFO: [runtcl-4] Executing : report_timing_summary -max_paths 10 -report_unconstrained -file FPU_timing_summary_routed.rpt -pb FPU_timing_summary_routed.pb -rpx FPU_timing_summary_routed.rpx -warn_on_violation 
INFO: [Timing 38-91] UpdateTimingParams: Speed grade: -1, Delay Type: min_max.
INFO: [Timing 38-191] Multithreading enabled for timing update using a maximum of 2 CPUs
INFO: [runtcl-4] Executing : report_incremental_reuse -file FPU_incremental_reuse_routed.rpt
INFO: [Vivado_Tcl 4-1062] Incremental flow is disabled. No incremental reuse Info to report.
INFO: [runtcl-4] Executing : report_clock_utilization -file FPU_clock_utilization_routed.rpt
INFO: [runtcl-4] Executing : report_bus_skew -warn_on_violation -file FPU_bus_skew_routed.rpt -pb FPU_bus_skew_routed.pb -rpx FPU_bus_skew_routed.rpx
INFO: [Timing 38-91] UpdateTimingParams: Speed grade: -1, Delay Type: min_max.
INFO: [Timing 38-191] Multithreading enabled for timing update using a maximum of 2 CPUs
INFO: [Common 17-206] Exiting Vivado at Sat Jan  7 16:28:34 2023...
